[2025-11-16T14:47:16.879Z] [INFO] gamesscoreboard-> feedConfig.scoreUrl->https://site.api.espn.com/apis/site/v2/sports/football/nfl/scoreboard
[2025-11-16T14:47:16.881Z] [INFO] league->nfl
[2025-11-16T14:47:16.882Z] [INFO] team->mia
[2025-11-16T14:47:16.884Z] [INFO] feedConfig->{"url":"https://site.web.api.espn.com/apis/v2/scoreboard/header?sport=football&league=nfl","file":"nfl_data.json","route":"nfl","scoreUrl":"https://site.api.espn.com/apis/site/v2/sports/football/nfl/scoreboard"}
[2025-11-16T14:47:16.884Z] [INFO] FILE_PATH->C:\Users\clcontact\source\node\sports-ticker\sportsticker2\backend\data\nfl_data.json
[2025-11-16T14:47:16.890Z] [INFO] findEventByName->events->[object Object],[object Object],[object Object],[object Object],[object Object],[object Object],[object Object],[object Object],[object Object],[object Object],[object Object],[object Object],[object Object],[object Object],[object Object]
[2025-11-16T14:47:16.891Z] [INFO] findEventByName->teamName->mia
[2025-11-16T14:47:16.892Z] [INFO] foundEvent->[object Object]
[2025-11-16T14:47:16.892Z] [INFO] eventsToMap->[object Object]
[2025-11-16T14:47:22.858Z] [INFO] league->nfl
[2025-11-16T14:47:22.859Z] [INFO] team->mia
[2025-11-16T14:47:22.859Z] [INFO] feedConfig->{"url":"https://site.web.api.espn.com/apis/v2/scoreboard/header?sport=football&league=nfl","file":"nfl_data.json","route":"nfl","scoreUrl":"https://site.api.espn.com/apis/site/v2/sports/football/nfl/scoreboard"}
[2025-11-16T14:47:22.860Z] [INFO] FILE_PATH->C:\Users\clcontact\source\node\sports-ticker\sportsticker2\backend\data\nfl_data.json
[2025-11-16T14:47:22.865Z] [INFO] findEventByName->events->[object Object],[object Object],[object Object],[object Object],[object Object],[object Object],[object Object],[object Object],[object Object],[object Object],[object Object],[object Object],[object Object],[object Object],[object Object]
[2025-11-16T14:47:22.865Z] [INFO] findEventByName->teamName->mia
[2025-11-16T14:47:22.865Z] [INFO] foundEvent->[object Object]
[2025-11-16T14:47:22.866Z] [INFO] eventsToMap->[object Object]
[2025-11-16T14:47:27.865Z] [INFO] league->nfl
[2025-11-16T14:47:27.866Z] [INFO] team->mia
[2025-11-16T14:47:27.867Z] [INFO] feedConfig->{"url":"https://site.web.api.espn.com/apis/v2/scoreboard/header?sport=football&league=nfl","file":"nfl_data.json","route":"nfl","scoreUrl":"https://site.api.espn.com/apis/site/v2/sports/football/nfl/scoreboard"}
[2025-11-16T14:47:27.869Z] [INFO] FILE_PATH->C:\Users\clcontact\source\node\sports-ticker\sportsticker2\backend\data\nfl_data.json
[2025-11-16T14:47:27.875Z] [INFO] findEventByName->events->[object Object],[object Object],[object Object],[object Object],[object Object],[object Object],[object Object],[object Object],[object Object],[object Object],[object Object],[object Object],[object Object],[object Object],[object Object]
[2025-11-16T14:47:27.875Z] [INFO] findEventByName->teamName->mia
[2025-11-16T14:47:27.875Z] [INFO] foundEvent->[object Object]
[2025-11-16T14:47:27.876Z] [INFO] eventsToMap->[object Object]
[2025-11-16T14:47:32.866Z] [INFO] league->nfl
[2025-11-16T14:47:32.867Z] [INFO] team->mia
[2025-11-16T14:47:32.868Z] [INFO] feedConfig->{"url":"https://site.web.api.espn.com/apis/v2/scoreboard/header?sport=football&league=nfl","file":"nfl_data.json","route":"nfl","scoreUrl":"https://site.api.espn.com/apis/site/v2/sports/football/nfl/scoreboard"}
[2025-11-16T14:47:32.869Z] [INFO] FILE_PATH->C:\Users\clcontact\source\node\sports-ticker\sportsticker2\backend\data\nfl_data.json
[2025-11-16T14:47:32.879Z] [INFO] findEventByName->events->[object Object],[object Object],[object Object],[object Object],[object Object],[object Object],[object Object],[object Object],[object Object],[object Object],[object Object],[object Object],[object Object],[object Object],[object Object]
[2025-11-16T14:47:32.879Z] [INFO] findEventByName->teamName->mia
[2025-11-16T14:47:32.880Z] [INFO] foundEvent->[object Object]
[2025-11-16T14:47:32.881Z] [INFO] eventsToMap->[object Object]
[2025-11-16T14:47:37.860Z] [INFO] league->nfl
[2025-11-16T14:47:37.862Z] [INFO] team->mia
[2025-11-16T14:47:37.863Z] [INFO] feedConfig->{"url":"https://site.web.api.espn.com/apis/v2/scoreboard/header?sport=football&league=nfl","file":"nfl_data.json","route":"nfl","scoreUrl":"https://site.api.espn.com/apis/site/v2/sports/football/nfl/scoreboard"}
[2025-11-16T14:47:37.864Z] [INFO] FILE_PATH->C:\Users\clcontact\source\node\sports-ticker\sportsticker2\backend\data\nfl_data.json
[2025-11-16T14:47:37.873Z] [INFO] findEventByName->events->[object Object],[object Object],[object Object],[object Object],[object Object],[object Object],[object Object],[object Object],[object Object],[object Object],[object Object],[object Object],[object Object],[object Object],[object Object]
[2025-11-16T14:47:37.873Z] [INFO] findEventByName->teamName->mia
[2025-11-16T14:47:37.874Z] [INFO] foundEvent->[object Object]
[2025-11-16T14:47:37.875Z] [INFO] eventsToMap->[object Object]
[2025-11-16T14:47:42.858Z] [INFO] league->nfl
[2025-11-16T14:47:42.860Z] [INFO] team->mia
[2025-11-16T14:47:42.861Z] [INFO] feedConfig->{"url":"https://site.web.api.espn.com/apis/v2/scoreboard/header?sport=football&league=nfl","file":"nfl_data.json","route":"nfl","scoreUrl":"https://site.api.espn.com/apis/site/v2/sports/football/nfl/scoreboard"}
[2025-11-16T14:47:42.862Z] [INFO] FILE_PATH->C:\Users\clcontact\source\node\sports-ticker\sportsticker2\backend\data\nfl_data.json
[2025-11-16T14:47:42.872Z] [INFO] findEventByName->events->[object Object],[object Object],[object Object],[object Object],[object Object],[object Object],[object Object],[object Object],[object Object],[object Object],[object Object],[object Object],[object Object],[object Object],[object Object]
[2025-11-16T14:47:42.872Z] [INFO] findEventByName->teamName->mia
[2025-11-16T14:47:42.872Z] [INFO] foundEvent->[object Object]
[2025-11-16T14:47:42.873Z] [INFO] eventsToMap->[object Object]
[2025-11-16T14:47:47.865Z] [INFO] league->nfl
[2025-11-16T14:47:47.866Z] [INFO] team->mia
[2025-11-16T14:47:47.868Z] [INFO] feedConfig->{"url":"https://site.web.api.espn.com/apis/v2/scoreboard/header?sport=football&league=nfl","file":"nfl_data.json","route":"nfl","scoreUrl":"https://site.api.espn.com/apis/site/v2/sports/football/nfl/scoreboard"}
[2025-11-16T14:47:47.869Z] [INFO] FILE_PATH->C:\Users\clcontact\source\node\sports-ticker\sportsticker2\backend\data\nfl_data.json
[2025-11-16T14:47:47.878Z] [INFO] findEventByName->events->[object Object],[object Object],[object Object],[object Object],[object Object],[object Object],[object Object],[object Object],[object Object],[object Object],[object Object],[object Object],[object Object],[object Object],[object Object]
[2025-11-16T14:47:47.879Z] [INFO] findEventByName->teamName->mia
[2025-11-16T14:47:47.879Z] [INFO] foundEvent->[object Object]
[2025-11-16T14:47:47.879Z] [INFO] eventsToMap->[object Object]
[2025-11-16T14:48:16.861Z] [INFO] gamesscoreboard->league nfl
[2025-11-16T14:48:16.862Z] [INFO] gamesscoreboard->id undefined
[2025-11-16T14:48:16.862Z] [INFO] gamesscoreboard->urlScore https://site.api.espn.com/apis/site/v2/sports/football/nfl/scoreboard/undefined
[2025-11-16T14:48:16.864Z] [INFO] gamesscoreboard-> feedConfig.scoreUrl->https://site.api.espn.com/apis/site/v2/sports/football/nfl/scoreboard
[2025-11-16T14:48:16.867Z] [INFO] gamesscoreboard->league nfl
[2025-11-16T14:48:16.868Z] [INFO] gamesscoreboard->id mia
[2025-11-16T14:48:16.868Z] [INFO] gamesscoreboard->urlScore https://site.api.espn.com/apis/site/v2/sports/football/nfl/scoreboard/mia
[2025-11-16T14:48:16.869Z] [INFO] gamesscoreboard-> feedConfig.scoreUrl->https://site.api.espn.com/apis/site/v2/sports/football/nfl/scoreboard
[2025-11-16T14:48:16.872Z] [INFO] league->nfl
[2025-11-16T14:48:16.872Z] [INFO] team->mia
[2025-11-16T14:48:16.872Z] [INFO] feedConfig->{"url":"https://site.web.api.espn.com/apis/v2/scoreboard/header?sport=football&league=nfl","file":"nfl_data.json","route":"nfl","scoreUrl":"https://site.api.espn.com/apis/site/v2/sports/football/nfl/scoreboard"}
[2025-11-16T14:48:16.873Z] [INFO] FILE_PATH->C:\Users\clcontact\source\node\sports-ticker\sportsticker2\backend\data\nfl_data.json
[2025-11-16T14:48:16.885Z] [INFO] findEventByName->events->[object Object],[object Object],[object Object],[object Object],[object Object],[object Object],[object Object],[object Object],[object Object],[object Object],[object Object],[object Object],[object Object],[object Object],[object Object]
[2025-11-16T14:48:16.886Z] [INFO] findEventByName->teamName->mia
[2025-11-16T14:48:16.887Z] [INFO] foundEvent->[object Object]
[2025-11-16T14:48:16.887Z] [INFO] eventsToMap->[object Object]
[2025-11-16T14:49:16.881Z] [INFO] gamesscoreboard->league nfl
[2025-11-16T14:49:16.881Z] [INFO] gamesscoreboard->id undefined
[2025-11-16T14:49:16.882Z] [INFO] gamesscoreboard->urlScore https://site.api.espn.com/apis/site/v2/sports/football/nfl/scoreboard/undefined
[2025-11-16T14:49:16.882Z] [INFO] gamesscoreboard-> feedConfig.scoreUrl->https://site.api.espn.com/apis/site/v2/sports/football/nfl/scoreboard
[2025-11-16T14:49:16.884Z] [INFO] gamesscoreboard->league nfl
[2025-11-16T14:49:16.885Z] [INFO] gamesscoreboard->id mia
[2025-11-16T14:49:16.886Z] [INFO] gamesscoreboard->urlScore https://site.api.espn.com/apis/site/v2/sports/football/nfl/scoreboard/mia
[2025-11-16T14:49:16.886Z] [INFO] gamesscoreboard-> feedConfig.scoreUrl->https://site.api.espn.com/apis/site/v2/sports/football/nfl/scoreboard
[2025-11-16T14:49:16.888Z] [INFO] league->nfl
[2025-11-16T14:49:16.888Z] [INFO] team->mia
[2025-11-16T14:49:16.889Z] [INFO] feedConfig->{"url":"https://site.web.api.espn.com/apis/v2/scoreboard/header?sport=football&league=nfl","file":"nfl_data.json","route":"nfl","scoreUrl":"https://site.api.espn.com/apis/site/v2/sports/football/nfl/scoreboard"}
[2025-11-16T14:49:16.889Z] [INFO] FILE_PATH->C:\Users\clcontact\source\node\sports-ticker\sportsticker2\backend\data\nfl_data.json
[2025-11-16T14:49:16.897Z] [INFO] findEventByName->events->[object Object],[object Object],[object Object],[object Object],[object Object],[object Object],[object Object],[object Object],[object Object],[object Object],[object Object],[object Object],[object Object],[object Object],[object Object]
[2025-11-16T14:49:16.898Z] [INFO] findEventByName->teamName->mia
[2025-11-16T14:49:16.898Z] [INFO] foundEvent->[object Object]
[2025-11-16T14:49:16.899Z] [INFO] eventsToMap->[object Object]
[2025-11-16T14:49:22.862Z] [INFO] league->nfl
[2025-11-16T14:49:22.864Z] [INFO] team->mia
[2025-11-16T14:49:22.866Z] [INFO] feedConfig->{"url":"https://site.web.api.espn.com/apis/v2/scoreboard/header?sport=football&league=nfl","file":"nfl_data.json","route":"nfl","scoreUrl":"https://site.api.espn.com/apis/site/v2/sports/football/nfl/scoreboard"}
[2025-11-16T14:49:22.867Z] [INFO] FILE_PATH->C:\Users\clcontact\source\node\sports-ticker\sportsticker2\backend\data\nfl_data.json
[2025-11-16T14:49:22.872Z] [INFO] findEventByName->events->[object Object],[object Object],[object Object],[object Object],[object Object],[object Object],[object Object],[object Object],[object Object],[object Object],[object Object],[object Object],[object Object],[object Object],[object Object]
[2025-11-16T14:49:22.872Z] [INFO] findEventByName->teamName->mia
[2025-11-16T14:49:22.873Z] [INFO] foundEvent->[object Object]
[2025-11-16T14:49:22.874Z] [INFO] eventsToMap->[object Object]
[2025-11-16T14:49:27.861Z] [INFO] league->nfl
[2025-11-16T14:49:27.863Z] [INFO] team->mia
[2025-11-16T14:49:27.865Z] [INFO] feedConfig->{"url":"https://site.web.api.espn.com/apis/v2/scoreboard/header?sport=football&league=nfl","file":"nfl_data.json","route":"nfl","scoreUrl":"https://site.api.espn.com/apis/site/v2/sports/football/nfl/scoreboard"}
[2025-11-16T14:49:27.866Z] [INFO] FILE_PATH->C:\Users\clcontact\source\node\sports-ticker\sportsticker2\backend\data\nfl_data.json
[2025-11-16T14:49:27.880Z] [INFO] findEventByName->events->[object Object],[object Object],[object Object],[object Object],[object Object],[object Object],[object Object],[object Object],[object Object],[object Object],[object Object],[object Object],[object Object],[object Object],[object Object]
[2025-11-16T14:49:27.881Z] [INFO] findEventByName->teamName->mia
[2025-11-16T14:49:27.881Z] [INFO] foundEvent->[object Object]
[2025-11-16T14:49:27.882Z] [INFO] eventsToMap->[object Object]
[2025-11-16T14:49:32.858Z] [INFO] league->nfl
[2025-11-16T14:49:32.859Z] [INFO] team->mia
[2025-11-16T14:49:32.861Z] [INFO] feedConfig->{"url":"https://site.web.api.espn.com/apis/v2/scoreboard/header?sport=football&league=nfl","file":"nfl_data.json","route":"nfl","scoreUrl":"https://site.api.espn.com/apis/site/v2/sports/football/nfl/scoreboard"}
[2025-11-16T14:49:32.862Z] [INFO] FILE_PATH->C:\Users\clcontact\source\node\sports-ticker\sportsticker2\backend\data\nfl_data.json
[2025-11-16T14:49:32.874Z] [INFO] findEventByName->events->[object Object],[object Object],[object Object],[object Object],[object Object],[object Object],[object Object],[object Object],[object Object],[object Object],[object Object],[object Object],[object Object],[object Object],[object Object]
[2025-11-16T14:49:32.874Z] [INFO] findEventByName->teamName->mia
[2025-11-16T14:49:32.875Z] [INFO] foundEvent->[object Object]
[2025-11-16T14:49:32.875Z] [INFO] eventsToMap->[object Object]
[2025-11-16T14:49:37.863Z] [INFO] league->nfl
[2025-11-16T14:49:37.865Z] [INFO] team->mia
[2025-11-16T14:49:37.866Z] [INFO] feedConfig->{"url":"https://site.web.api.espn.com/apis/v2/scoreboard/header?sport=football&league=nfl","file":"nfl_data.json","route":"nfl","scoreUrl":"https://site.api.espn.com/apis/site/v2/sports/football/nfl/scoreboard"}
[2025-11-16T14:49:37.867Z] [INFO] FILE_PATH->C:\Users\clcontact\source\node\sports-ticker\sportsticker2\backend\data\nfl_data.json
[2025-11-16T14:49:37.873Z] [INFO] findEventByName->events->[object Object],[object Object],[object Object],[object Object],[object Object],[object Object],[object Object],[object Object],[object Object],[object Object],[object Object],[object Object],[object Object],[object Object],[object Object]
[2025-11-16T14:49:37.873Z] [INFO] findEventByName->teamName->mia
[2025-11-16T14:49:37.874Z] [INFO] foundEvent->[object Object]
[2025-11-16T14:49:37.874Z] [INFO] eventsToMap->[object Object]
[2025-11-16T14:49:42.868Z] [INFO] league->nfl
[2025-11-16T14:49:42.870Z] [INFO] team->mia
[2025-11-16T14:49:42.872Z] [INFO] feedConfig->{"url":"https://site.web.api.espn.com/apis/v2/scoreboard/header?sport=football&league=nfl","file":"nfl_data.json","route":"nfl","scoreUrl":"https://site.api.espn.com/apis/site/v2/sports/football/nfl/scoreboard"}
[2025-11-16T14:49:42.873Z] [INFO] FILE_PATH->C:\Users\clcontact\source\node\sports-ticker\sportsticker2\backend\data\nfl_data.json
[2025-11-16T14:49:42.887Z] [INFO] findEventByName->events->[object Object],[object Object],[object Object],[object Object],[object Object],[object Object],[object Object],[object Object],[object Object],[object Object],[object Object],[object Object],[object Object],[object Object],[object Object]
[2025-11-16T14:49:42.887Z] [INFO] findEventByName->teamName->mia
[2025-11-16T14:49:42.888Z] [INFO] foundEvent->[object Object]
[2025-11-16T14:49:42.888Z] [INFO] eventsToMap->[object Object]
[2025-11-16T14:49:47.859Z] [INFO] league->nfl
[2025-11-16T14:49:47.860Z] [INFO] team->mia
[2025-11-16T14:49:47.861Z] [INFO] feedConfig->{"url":"https://site.web.api.espn.com/apis/v2/scoreboard/header?sport=football&league=nfl","file":"nfl_data.json","route":"nfl","scoreUrl":"https://site.api.espn.com/apis/site/v2/sports/football/nfl/scoreboard"}
[2025-11-16T14:49:47.861Z] [INFO] FILE_PATH->C:\Users\clcontact\source\node\sports-ticker\sportsticker2\backend\data\nfl_data.json
[2025-11-16T14:49:47.866Z] [INFO] findEventByName->events->[object Object],[object Object],[object Object],[object Object],[object Object],[object Object],[object Object],[object Object],[object Object],[object Object],[object Object],[object Object],[object Object],[object Object],[object Object]
[2025-11-16T14:49:47.866Z] [INFO] findEventByName->teamName->mia
[2025-11-16T14:49:47.867Z] [INFO] foundEvent->[object Object]
[2025-11-16T14:49:47.867Z] [INFO] eventsToMap->[object Object]
[2025-11-16T14:50:16.863Z] [INFO] gamesscoreboard->league nfl
[2025-11-16T14:50:16.864Z] [INFO] gamesscoreboard->id undefined
[2025-11-16T14:50:16.865Z] [INFO] gamesscoreboard->urlScore https://site.api.espn.com/apis/site/v2/sports/football/nfl/scoreboard/undefined
[2025-11-16T14:50:16.865Z] [INFO] gamesscoreboard-> feedConfig.scoreUrl->https://site.api.espn.com/apis/site/v2/sports/football/nfl/scoreboard
[2025-11-16T14:50:16.866Z] [INFO] gamesscoreboard->league nfl
[2025-11-16T14:50:16.867Z] [INFO] gamesscoreboard->id mia
[2025-11-16T14:50:16.867Z] [INFO] gamesscoreboard->urlScore https://site.api.espn.com/apis/site/v2/sports/football/nfl/scoreboard/mia
[2025-11-16T14:50:16.867Z] [INFO] gamesscoreboard-> feedConfig.scoreUrl->https://site.api.espn.com/apis/site/v2/sports/football/nfl/scoreboard
[2025-11-16T14:50:16.868Z] [INFO] league->nfl
[2025-11-16T14:50:16.869Z] [INFO] team->mia
[2025-11-16T14:50:16.869Z] [INFO] feedConfig->{"url":"https://site.web.api.espn.com/apis/v2/scoreboard/header?sport=football&league=nfl","file":"nfl_data.json","route":"nfl","scoreUrl":"https://site.api.espn.com/apis/site/v2/sports/football/nfl/scoreboard"}
[2025-11-16T14:50:16.870Z] [INFO] FILE_PATH->C:\Users\clcontact\source\node\sports-ticker\sportsticker2\backend\data\nfl_data.json
[2025-11-16T14:50:16.877Z] [INFO] findEventByName->events->[object Object],[object Object],[object Object],[object Object],[object Object],[object Object],[object Object],[object Object],[object Object],[object Object],[object Object],[object Object],[object Object],[object Object],[object Object]
[2025-11-16T14:50:16.878Z] [INFO] findEventByName->teamName->mia
[2025-11-16T14:50:16.878Z] [INFO] foundEvent->[object Object]
[2025-11-16T14:50:16.879Z] [INFO] eventsToMap->[object Object]
[2025-11-16T14:51:16.865Z] [INFO] gamesscoreboard->league nfl
[2025-11-16T14:51:16.866Z] [INFO] gamesscoreboard->id undefined
[2025-11-16T14:51:16.867Z] [INFO] gamesscoreboard->urlScore https://site.api.espn.com/apis/site/v2/sports/football/nfl/scoreboard/undefined
[2025-11-16T14:51:16.868Z] [INFO] gamesscoreboard-> feedConfig.scoreUrl->https://site.api.espn.com/apis/site/v2/sports/football/nfl/scoreboard
[2025-11-16T14:51:16.872Z] [INFO] gamesscoreboard->league nfl
[2025-11-16T14:51:16.873Z] [INFO] gamesscoreboard->id mia
[2025-11-16T14:51:16.873Z] [INFO] gamesscoreboard->urlScore https://site.api.espn.com/apis/site/v2/sports/football/nfl/scoreboard/mia
[2025-11-16T14:51:16.874Z] [INFO] gamesscoreboard-> feedConfig.scoreUrl->https://site.api.espn.com/apis/site/v2/sports/football/nfl/scoreboard
[2025-11-16T14:51:16.875Z] [INFO] league->nfl
[2025-11-16T14:51:16.876Z] [INFO] team->mia
[2025-11-16T14:51:16.876Z] [INFO] feedConfig->{"url":"https://site.web.api.espn.com/apis/v2/scoreboard/header?sport=football&league=nfl","file":"nfl_data.json","route":"nfl","scoreUrl":"https://site.api.espn.com/apis/site/v2/sports/football/nfl/scoreboard"}
[2025-11-16T14:51:16.877Z] [INFO] FILE_PATH->C:\Users\clcontact\source\node\sports-ticker\sportsticker2\backend\data\nfl_data.json
[2025-11-16T14:51:16.884Z] [INFO] findEventByName->events->[object Object],[object Object],[object Object],[object Object],[object Object],[object Object],[object Object],[object Object],[object Object],[object Object],[object Object],[object Object],[object Object],[object Object],[object Object]
[2025-11-16T14:51:16.885Z] [INFO] findEventByName->teamName->mia
[2025-11-16T14:51:16.885Z] [INFO] foundEvent->[object Object]
[2025-11-16T14:51:16.885Z] [INFO] eventsToMap->[object Object]
[2025-11-16T14:51:22.857Z] [INFO] league->nfl
[2025-11-16T14:51:22.859Z] [INFO] team->mia
[2025-11-16T14:51:22.860Z] [INFO] feedConfig->{"url":"https://site.web.api.espn.com/apis/v2/scoreboard/header?sport=football&league=nfl","file":"nfl_data.json","route":"nfl","scoreUrl":"https://site.api.espn.com/apis/site/v2/sports/football/nfl/scoreboard"}
[2025-11-16T14:51:22.861Z] [INFO] FILE_PATH->C:\Users\clcontact\source\node\sports-ticker\sportsticker2\backend\data\nfl_data.json
[2025-11-16T14:51:22.876Z] [INFO] findEventByName->events->[object Object],[object Object],[object Object],[object Object],[object Object],[object Object],[object Object],[object Object],[object Object],[object Object],[object Object],[object Object],[object Object],[object Object],[object Object]
[2025-11-16T14:51:22.877Z] [INFO] findEventByName->teamName->mia
[2025-11-16T14:51:22.877Z] [INFO] foundEvent->[object Object]
[2025-11-16T14:51:22.878Z] [INFO] eventsToMap->[object Object]
[2025-11-16T14:51:27.867Z] [INFO] league->nfl
[2025-11-16T14:51:27.869Z] [INFO] team->mia
[2025-11-16T14:51:27.870Z] [INFO] feedConfig->{"url":"https://site.web.api.espn.com/apis/v2/scoreboard/header?sport=football&league=nfl","file":"nfl_data.json","route":"nfl","scoreUrl":"https://site.api.espn.com/apis/site/v2/sports/football/nfl/scoreboard"}
[2025-11-16T14:51:27.871Z] [INFO] FILE_PATH->C:\Users\clcontact\source\node\sports-ticker\sportsticker2\backend\data\nfl_data.json
[2025-11-16T14:51:27.876Z] [INFO] findEventByName->events->[object Object],[object Object],[object Object],[object Object],[object Object],[object Object],[object Object],[object Object],[object Object],[object Object],[object Object],[object Object],[object Object],[object Object],[object Object]
[2025-11-16T14:51:27.877Z] [INFO] findEventByName->teamName->mia
[2025-11-16T14:51:27.877Z] [INFO] foundEvent->[object Object]
[2025-11-16T14:51:27.877Z] [INFO] eventsToMap->[object Object]
[2025-11-16T14:51:32.859Z] [INFO] league->nfl
[2025-11-16T14:51:32.861Z] [INFO] team->mia
[2025-11-16T14:51:32.863Z] [INFO] feedConfig->{"url":"https://site.web.api.espn.com/apis/v2/scoreboard/header?sport=football&league=nfl","file":"nfl_data.json","route":"nfl","scoreUrl":"https://site.api.espn.com/apis/site/v2/sports/football/nfl/scoreboard"}
[2025-11-16T14:51:32.864Z] [INFO] FILE_PATH->C:\Users\clcontact\source\node\sports-ticker\sportsticker2\backend\data\nfl_data.json
[2025-11-16T14:51:32.881Z] [INFO] findEventByName->events->[object Object],[object Object],[object Object],[object Object],[object Object],[object Object],[object Object],[object Object],[object Object],[object Object],[object Object],[object Object],[object Object],[object Object],[object Object]
[2025-11-16T14:51:32.883Z] [INFO] findEventByName->teamName->mia
[2025-11-16T14:51:32.883Z] [INFO] foundEvent->[object Object]
[2025-11-16T14:51:32.883Z] [INFO] eventsToMap->[object Object]
[2025-11-16T14:51:37.870Z] [INFO] league->nfl
[2025-11-16T14:51:37.871Z] [INFO] team->mia
[2025-11-16T14:51:37.872Z] [INFO] feedConfig->{"url":"https://site.web.api.espn.com/apis/v2/scoreboard/header?sport=football&league=nfl","file":"nfl_data.json","route":"nfl","scoreUrl":"https://site.api.espn.com/apis/site/v2/sports/football/nfl/scoreboard"}
[2025-11-16T14:51:37.872Z] [INFO] FILE_PATH->C:\Users\clcontact\source\node\sports-ticker\sportsticker2\backend\data\nfl_data.json
[2025-11-16T14:51:37.881Z] [INFO] findEventByName->events->[object Object],[object Object],[object Object],[object Object],[object Object],[object Object],[object Object],[object Object],[object Object],[object Object],[object Object],[object Object],[object Object],[object Object],[object Object]
[2025-11-16T14:51:37.881Z] [INFO] findEventByName->teamName->mia
[2025-11-16T14:51:37.881Z] [INFO] foundEvent->[object Object]
[2025-11-16T14:51:37.882Z] [INFO] eventsToMap->[object Object]
[2025-11-16T14:51:42.871Z] [INFO] league->nfl
[2025-11-16T14:51:42.872Z] [INFO] team->mia
[2025-11-16T14:51:42.873Z] [INFO] feedConfig->{"url":"https://site.web.api.espn.com/apis/v2/scoreboard/header?sport=football&league=nfl","file":"nfl_data.json","route":"nfl","scoreUrl":"https://site.api.espn.com/apis/site/v2/sports/football/nfl/scoreboard"}
[2025-11-16T14:51:42.874Z] [INFO] FILE_PATH->C:\Users\clcontact\source\node\sports-ticker\sportsticker2\backend\data\nfl_data.json
[2025-11-16T14:51:42.884Z] [INFO] findEventByName->events->[object Object],[object Object],[object Object],[object Object],[object Object],[object Object],[object Object],[object Object],[object Object],[object Object],[object Object],[object Object],[object Object],[object Object],[object Object]
[2025-11-16T14:51:42.884Z] [INFO] findEventByName->teamName->mia
[2025-11-16T14:51:42.885Z] [INFO] foundEvent->[object Object]
[2025-11-16T14:51:42.885Z] [INFO] eventsToMap->[object Object]
[2025-11-16T14:51:47.873Z] [INFO] league->nfl
[2025-11-16T14:51:47.875Z] [INFO] team->mia
[2025-11-16T14:51:47.876Z] [INFO] feedConfig->{"url":"https://site.web.api.espn.com/apis/v2/scoreboard/header?sport=football&league=nfl","file":"nfl_data.json","route":"nfl","scoreUrl":"https://site.api.espn.com/apis/site/v2/sports/football/nfl/scoreboard"}
[2025-11-16T14:51:47.878Z] [INFO] FILE_PATH->C:\Users\clcontact\source\node\sports-ticker\sportsticker2\backend\data\nfl_data.json
[2025-11-16T14:51:47.892Z] [INFO] findEventByName->events->[object Object],[object Object],[object Object],[object Object],[object Object],[object Object],[object Object],[object Object],[object Object],[object Object],[object Object],[object Object],[object Object],[object Object],[object Object]
[2025-11-16T14:51:47.892Z] [INFO] findEventByName->teamName->mia
[2025-11-16T14:51:47.892Z] [INFO] foundEvent->[object Object]
[2025-11-16T14:51:47.893Z] [INFO] eventsToMap->[object Object]
[2025-11-16T14:52:16.882Z] [INFO] gamesscoreboard->league nfl
[2025-11-16T14:52:16.883Z] [INFO] gamesscoreboard->id undefined
[2025-11-16T14:52:16.883Z] [INFO] gamesscoreboard->urlScore https://site.api.espn.com/apis/site/v2/sports/football/nfl/scoreboard/undefined
[2025-11-16T14:52:16.884Z] [INFO] gamesscoreboard-> feedConfig.scoreUrl->https://site.api.espn.com/apis/site/v2/sports/football/nfl/scoreboard
[2025-11-16T14:52:16.888Z] [INFO] league->nfl
[2025-11-16T14:52:16.889Z] [INFO] team->mia
[2025-11-16T14:52:16.889Z] [INFO] feedConfig->{"url":"https://site.web.api.espn.com/apis/v2/scoreboard/header?sport=football&league=nfl","file":"nfl_data.json","route":"nfl","scoreUrl":"https://site.api.espn.com/apis/site/v2/sports/football/nfl/scoreboard"}
[2025-11-16T14:52:16.891Z] [INFO] FILE_PATH->C:\Users\clcontact\source\node\sports-ticker\sportsticker2\backend\data\nfl_data.json
[2025-11-16T14:52:16.898Z] [INFO] findEventByName->events->[object Object],[object Object],[object Object],[object Object],[object Object],[object Object],[object Object],[object Object],[object Object],[object Object],[object Object],[object Object],[object Object],[object Object],[object Object]
[2025-11-16T14:52:16.898Z] [INFO] findEventByName->teamName->mia
[2025-11-16T14:52:16.900Z] [INFO] foundEvent->[object Object]
[2025-11-16T14:52:16.901Z] [INFO] eventsToMap->[object Object]
[2025-11-16T14:52:16.904Z] [INFO] gamesscoreboard->league nfl
[2025-11-16T14:52:16.905Z] [INFO] gamesscoreboard->id mia
[2025-11-16T14:52:16.906Z] [INFO] gamesscoreboard->urlScore https://site.api.espn.com/apis/site/v2/sports/football/nfl/scoreboard/mia
[2025-11-16T14:52:16.907Z] [INFO] gamesscoreboard-> feedConfig.scoreUrl->https://site.api.espn.com/apis/site/v2/sports/football/nfl/scoreboard
[2025-11-16T14:53:16.868Z] [INFO] gamesscoreboard->league nfl
[2025-11-16T14:53:16.869Z] [INFO] gamesscoreboard->id undefined
[2025-11-16T14:53:16.869Z] [INFO] gamesscoreboard->urlScore https://site.api.espn.com/apis/site/v2/sports/football/nfl/scoreboard/undefined
[2025-11-16T14:53:16.870Z] [INFO] gamesscoreboard-> feedConfig.scoreUrl->https://site.api.espn.com/apis/site/v2/sports/football/nfl/scoreboard
[2025-11-16T14:53:16.874Z] [INFO] gamesscoreboard->league nfl
[2025-11-16T14:53:16.874Z] [INFO] gamesscoreboard->id mia
[2025-11-16T14:53:16.875Z] [INFO] gamesscoreboard->urlScore https://site.api.espn.com/apis/site/v2/sports/football/nfl/scoreboard/mia
[2025-11-16T14:53:16.875Z] [INFO] gamesscoreboard-> feedConfig.scoreUrl->https://site.api.espn.com/apis/site/v2/sports/football/nfl/scoreboard
[2025-11-16T14:53:16.877Z] [INFO] league->nfl
[2025-11-16T14:53:16.877Z] [INFO] team->mia
[2025-11-16T14:53:16.878Z] [INFO] feedConfig->{"url":"https://site.web.api.espn.com/apis/v2/scoreboard/header?sport=football&league=nfl","file":"nfl_data.json","route":"nfl","scoreUrl":"https://site.api.espn.com/apis/site/v2/sports/football/nfl/scoreboard"}
[2025-11-16T14:53:16.878Z] [INFO] FILE_PATH->C:\Users\clcontact\source\node\sports-ticker\sportsticker2\backend\data\nfl_data.json
[2025-11-16T14:53:16.886Z] [INFO] findEventByName->events->[object Object],[object Object],[object Object],[object Object],[object Object],[object Object],[object Object],[object Object],[object Object],[object Object],[object Object],[object Object],[object Object],[object Object],[object Object]
[2025-11-16T14:53:16.887Z] [INFO] findEventByName->teamName->mia
[2025-11-16T14:53:16.888Z] [INFO] foundEvent->[object Object]
[2025-11-16T14:53:16.888Z] [INFO] eventsToMap->[object Object]
[2025-11-16T14:53:22.858Z] [INFO] league->nfl
[2025-11-16T14:53:22.860Z] [INFO] team->mia
[2025-11-16T14:53:22.861Z] [INFO] feedConfig->{"url":"https://site.web.api.espn.com/apis/v2/scoreboard/header?sport=football&league=nfl","file":"nfl_data.json","route":"nfl","scoreUrl":"https://site.api.espn.com/apis/site/v2/sports/football/nfl/scoreboard"}
[2025-11-16T14:53:22.862Z] [INFO] FILE_PATH->C:\Users\clcontact\source\node\sports-ticker\sportsticker2\backend\data\nfl_data.json
[2025-11-16T14:53:22.873Z] [INFO] findEventByName->events->[object Object],[object Object],[object Object],[object Object],[object Object],[object Object],[object Object],[object Object],[object Object],[object Object],[object Object],[object Object],[object Object],[object Object],[object Object]
[2025-11-16T14:53:22.874Z] [INFO] findEventByName->teamName->mia
[2025-11-16T14:53:22.875Z] [INFO] foundEvent->[object Object]
[2025-11-16T14:53:22.875Z] [INFO] eventsToMap->[object Object]
[2025-11-16T14:53:27.867Z] [INFO] league->nfl
[2025-11-16T14:53:27.868Z] [INFO] team->mia
[2025-11-16T14:53:27.868Z] [INFO] feedConfig->{"url":"https://site.web.api.espn.com/apis/v2/scoreboard/header?sport=football&league=nfl","file":"nfl_data.json","route":"nfl","scoreUrl":"https://site.api.espn.com/apis/site/v2/sports/football/nfl/scoreboard"}
[2025-11-16T14:53:27.869Z] [INFO] FILE_PATH->C:\Users\clcontact\source\node\sports-ticker\sportsticker2\backend\data\nfl_data.json
[2025-11-16T14:53:27.875Z] [INFO] findEventByName->events->[object Object],[object Object],[object Object],[object Object],[object Object],[object Object],[object Object],[object Object],[object Object],[object Object],[object Object],[object Object],[object Object],[object Object],[object Object]
[2025-11-16T14:53:27.876Z] [INFO] findEventByName->teamName->mia
[2025-11-16T14:53:27.876Z] [INFO] foundEvent->[object Object]
[2025-11-16T14:53:27.877Z] [INFO] eventsToMap->[object Object]
[2025-11-16T14:53:32.858Z] [INFO] league->nfl
[2025-11-16T14:53:32.859Z] [INFO] team->mia
[2025-11-16T14:53:32.859Z] [INFO] feedConfig->{"url":"https://site.web.api.espn.com/apis/v2/scoreboard/header?sport=football&league=nfl","file":"nfl_data.json","route":"nfl","scoreUrl":"https://site.api.espn.com/apis/site/v2/sports/football/nfl/scoreboard"}
[2025-11-16T14:53:32.859Z] [INFO] FILE_PATH->C:\Users\clcontact\source\node\sports-ticker\sportsticker2\backend\data\nfl_data.json
[2025-11-16T14:53:32.864Z] [INFO] findEventByName->events->[object Object],[object Object],[object Object],[object Object],[object Object],[object Object],[object Object],[object Object],[object Object],[object Object],[object Object],[object Object],[object Object],[object Object],[object Object]
[2025-11-16T14:53:32.864Z] [INFO] findEventByName->teamName->mia
[2025-11-16T14:53:32.864Z] [INFO] foundEvent->[object Object]
[2025-11-16T14:53:32.865Z] [INFO] eventsToMap->[object Object]
[2025-11-16T14:53:37.868Z] [INFO] league->nfl
[2025-11-16T14:53:37.869Z] [INFO] team->mia
[2025-11-16T14:53:37.870Z] [INFO] feedConfig->{"url":"https://site.web.api.espn.com/apis/v2/scoreboard/header?sport=football&league=nfl","file":"nfl_data.json","route":"nfl","scoreUrl":"https://site.api.espn.com/apis/site/v2/sports/football/nfl/scoreboard"}
[2025-11-16T14:53:37.870Z] [INFO] FILE_PATH->C:\Users\clcontact\source\node\sports-ticker\sportsticker2\backend\data\nfl_data.json
[2025-11-16T14:53:37.875Z] [INFO] findEventByName->events->[object Object],[object Object],[object Object],[object Object],[object Object],[object Object],[object Object],[object Object],[object Object],[object Object],[object Object],[object Object],[object Object],[object Object],[object Object]
[2025-11-16T14:53:37.876Z] [INFO] findEventByName->teamName->mia
[2025-11-16T14:53:37.876Z] [INFO] foundEvent->[object Object]
[2025-11-16T14:53:37.877Z] [INFO] eventsToMap->[object Object]
[2025-11-16T14:53:42.860Z] [INFO] league->nfl
[2025-11-16T14:53:42.861Z] [INFO] team->mia
[2025-11-16T14:53:42.861Z] [INFO] feedConfig->{"url":"https://site.web.api.espn.com/apis/v2/scoreboard/header?sport=football&league=nfl","file":"nfl_data.json","route":"nfl","scoreUrl":"https://site.api.espn.com/apis/site/v2/sports/football/nfl/scoreboard"}
[2025-11-16T14:53:42.862Z] [INFO] FILE_PATH->C:\Users\clcontact\source\node\sports-ticker\sportsticker2\backend\data\nfl_data.json
[2025-11-16T14:53:42.869Z] [INFO] findEventByName->events->[object Object],[object Object],[object Object],[object Object],[object Object],[object Object],[object Object],[object Object],[object Object],[object Object],[object Object],[object Object],[object Object],[object Object],[object Object]
[2025-11-16T14:53:42.870Z] [INFO] findEventByName->teamName->mia
[2025-11-16T14:53:42.870Z] [INFO] foundEvent->[object Object]
[2025-11-16T14:53:42.871Z] [INFO] eventsToMap->[object Object]
[2025-11-16T14:53:47.870Z] [INFO] league->nfl
[2025-11-16T14:53:47.871Z] [INFO] team->mia
[2025-11-16T14:53:47.871Z] [INFO] feedConfig->{"url":"https://site.web.api.espn.com/apis/v2/scoreboard/header?sport=football&league=nfl","file":"nfl_data.json","route":"nfl","scoreUrl":"https://site.api.espn.com/apis/site/v2/sports/football/nfl/scoreboard"}
[2025-11-16T14:53:47.872Z] [INFO] FILE_PATH->C:\Users\clcontact\source\node\sports-ticker\sportsticker2\backend\data\nfl_data.json
[2025-11-16T14:53:47.879Z] [INFO] findEventByName->events->[object Object],[object Object],[object Object],[object Object],[object Object],[object Object],[object Object],[object Object],[object Object],[object Object],[object Object],[object Object],[object Object],[object Object],[object Object]
[2025-11-16T14:53:47.880Z] [INFO] findEventByName->teamName->mia
[2025-11-16T14:53:47.880Z] [INFO] foundEvent->[object Object]
[2025-11-16T14:53:47.880Z] [INFO] eventsToMap->[object Object]
[2025-11-16T14:54:16.867Z] [INFO] gamesscoreboard->league nfl
[2025-11-16T14:54:16.868Z] [INFO] gamesscoreboard->id undefined
[2025-11-16T14:54:16.869Z] [INFO] gamesscoreboard->urlScore https://site.api.espn.com/apis/site/v2/sports/football/nfl/scoreboard/undefined
[2025-11-16T14:54:16.869Z] [INFO] gamesscoreboard-> feedConfig.scoreUrl->https://site.api.espn.com/apis/site/v2/sports/football/nfl/scoreboard
[2025-11-16T14:54:16.871Z] [INFO] league->nfl
[2025-11-16T14:54:16.871Z] [INFO] team->mia
[2025-11-16T14:54:16.872Z] [INFO] feedConfig->{"url":"https://site.web.api.espn.com/apis/v2/scoreboard/header?sport=football&league=nfl","file":"nfl_data.json","route":"nfl","scoreUrl":"https://site.api.espn.com/apis/site/v2/sports/football/nfl/scoreboard"}
[2025-11-16T14:54:16.872Z] [INFO] FILE_PATH->C:\Users\clcontact\source\node\sports-ticker\sportsticker2\backend\data\nfl_data.json
[2025-11-16T14:54:16.881Z] [INFO] findEventByName->events->[object Object],[object Object],[object Object],[object Object],[object Object],[object Object],[object Object],[object Object],[object Object],[object Object],[object Object],[object Object],[object Object],[object Object],[object Object]
[2025-11-16T14:54:16.882Z] [INFO] findEventByName->teamName->mia
[2025-11-16T14:54:16.882Z] [INFO] foundEvent->[object Object]
[2025-11-16T14:54:16.883Z] [INFO] eventsToMap->[object Object]
[2025-11-16T14:54:16.884Z] [INFO] gamesscoreboard->league nfl
[2025-11-16T14:54:16.885Z] [INFO] gamesscoreboard->id mia
[2025-11-16T14:54:16.885Z] [INFO] gamesscoreboard->urlScore https://site.api.espn.com/apis/site/v2/sports/football/nfl/scoreboard/mia
[2025-11-16T14:54:16.886Z] [INFO] gamesscoreboard-> feedConfig.scoreUrl->https://site.api.espn.com/apis/site/v2/sports/football/nfl/scoreboard
[2025-11-16T14:54:53.143Z] [INFO] gamesscoreboard->league nfl
[2025-11-16T14:54:53.145Z] [INFO] gamesscoreboard->id mia
[2025-11-16T14:54:53.145Z] [INFO] gamesscoreboard->urlScore https://site.api.espn.com/apis/site/v2/sports/football/nfl/scoreboard/mia
[2025-11-16T14:54:53.146Z] [INFO] gamesscoreboard-> feedConfig.scoreUrl->https://site.api.espn.com/apis/site/v2/sports/football/nfl/scoreboard
[2025-11-16T14:54:53.178Z] [INFO] gamesscoreboard->league nfl
[2025-11-16T14:54:53.179Z] [INFO] gamesscoreboard->id undefined
[2025-11-16T14:54:53.180Z] [INFO] gamesscoreboard->urlScore https://site.api.espn.com/apis/site/v2/sports/football/nfl/scoreboard/undefined
[2025-11-16T14:54:53.180Z] [INFO] gamesscoreboard-> feedConfig.scoreUrl->https://site.api.espn.com/apis/site/v2/sports/football/nfl/scoreboard
[2025-11-16T14:54:53.182Z] [INFO] league->nfl
[2025-11-16T14:54:53.183Z] [INFO] team->mia
[2025-11-16T14:54:53.183Z] [INFO] feedConfig->{"url":"https://site.web.api.espn.com/apis/v2/scoreboard/header?sport=football&league=nfl","file":"nfl_data.json","route":"nfl","scoreUrl":"https://site.api.espn.com/apis/site/v2/sports/football/nfl/scoreboard"}
[2025-11-16T14:54:53.184Z] [INFO] FILE_PATH->C:\Users\clcontact\source\node\sports-ticker\sportsticker2\backend\data\nfl_data.json
[2025-11-16T14:54:53.193Z] [INFO] findEventByName->events->[object Object],[object Object],[object Object],[object Object],[object Object],[object Object],[object Object],[object Object],[object Object],[object Object],[object Object],[object Object],[object Object],[object Object],[object Object]
[2025-11-16T14:54:53.194Z] [INFO] findEventByName->teamName->mia
[2025-11-16T14:54:53.194Z] [INFO] foundEvent->[object Object]
[2025-11-16T14:54:53.195Z] [INFO] eventsToMap->[object Object]
[2025-11-16T14:54:56.866Z] [INFO] gamesscoreboard->league nfl
[2025-11-16T14:54:56.867Z] [INFO] gamesscoreboard->id undefined
[2025-11-16T14:54:56.869Z] [INFO] gamesscoreboard->urlScore https://site.api.espn.com/apis/site/v2/sports/football/nfl/scoreboard/undefined
[2025-11-16T14:54:56.870Z] [INFO] gamesscoreboard-> feedConfig.scoreUrl->https://site.api.espn.com/apis/site/v2/sports/football/nfl/scoreboard
[2025-11-16T14:54:58.863Z] [INFO] league->nfl
[2025-11-16T14:54:58.864Z] [INFO] team->mia
[2025-11-16T14:54:58.865Z] [INFO] feedConfig->{"url":"https://site.web.api.espn.com/apis/v2/scoreboard/header?sport=football&league=nfl","file":"nfl_data.json","route":"nfl","scoreUrl":"https://site.api.espn.com/apis/site/v2/sports/football/nfl/scoreboard"}
[2025-11-16T14:54:58.867Z] [INFO] FILE_PATH->C:\Users\clcontact\source\node\sports-ticker\sportsticker2\backend\data\nfl_data.json
[2025-11-16T14:54:58.875Z] [INFO] findEventByName->events->[object Object],[object Object],[object Object],[object Object],[object Object],[object Object],[object Object],[object Object],[object Object],[object Object],[object Object],[object Object],[object Object],[object Object],[object Object]
[2025-11-16T14:54:58.876Z] [INFO] findEventByName->teamName->mia
[2025-11-16T14:54:58.876Z] [INFO] foundEvent->[object Object]
[2025-11-16T14:54:58.876Z] [INFO] eventsToMap->[object Object]
[2025-11-16T14:55:03.858Z] [INFO] league->nfl
[2025-11-16T14:55:03.860Z] [INFO] team->mia
[2025-11-16T14:55:03.861Z] [INFO] feedConfig->{"url":"https://site.web.api.espn.com/apis/v2/scoreboard/header?sport=football&league=nfl","file":"nfl_data.json","route":"nfl","scoreUrl":"https://site.api.espn.com/apis/site/v2/sports/football/nfl/scoreboard"}
[2025-11-16T14:55:03.863Z] [INFO] FILE_PATH->C:\Users\clcontact\source\node\sports-ticker\sportsticker2\backend\data\nfl_data.json
[2025-11-16T14:55:03.878Z] [INFO] findEventByName->events->[object Object],[object Object],[object Object],[object Object],[object Object],[object Object],[object Object],[object Object],[object Object],[object Object],[object Object],[object Object],[object Object],[object Object],[object Object]
[2025-11-16T14:55:03.879Z] [INFO] findEventByName->teamName->mia
[2025-11-16T14:55:03.879Z] [INFO] foundEvent->[object Object]
[2025-11-16T14:55:03.880Z] [INFO] eventsToMap->[object Object]
[2025-11-16T14:55:06.873Z] [INFO] gamesscoreboard->league nfl
[2025-11-16T14:55:06.874Z] [INFO] gamesscoreboard->id mia
[2025-11-16T14:55:06.876Z] [INFO] gamesscoreboard->urlScore https://site.api.espn.com/apis/site/v2/sports/football/nfl/scoreboard/mia
[2025-11-16T14:55:06.877Z] [INFO] gamesscoreboard-> feedConfig.scoreUrl->https://site.api.espn.com/apis/site/v2/sports/football/nfl/scoreboard
[2025-11-16T14:55:08.871Z] [INFO] league->nfl
[2025-11-16T14:55:08.873Z] [INFO] team->mia
[2025-11-16T14:55:08.874Z] [INFO] feedConfig->{"url":"https://site.web.api.espn.com/apis/v2/scoreboard/header?sport=football&league=nfl","file":"nfl_data.json","route":"nfl","scoreUrl":"https://site.api.espn.com/apis/site/v2/sports/football/nfl/scoreboard"}
[2025-11-16T14:55:08.875Z] [INFO] FILE_PATH->C:\Users\clcontact\source\node\sports-ticker\sportsticker2\backend\data\nfl_data.json
[2025-11-16T14:55:08.890Z] [INFO] findEventByName->events->[object Object],[object Object],[object Object],[object Object],[object Object],[object Object],[object Object],[object Object],[object Object],[object Object],[object Object],[object Object],[object Object],[object Object],[object Object]
[2025-11-16T14:55:08.891Z] [INFO] findEventByName->teamName->mia
[2025-11-16T14:55:08.892Z] [INFO] foundEvent->[object Object]
[2025-11-16T14:55:08.892Z] [INFO] eventsToMap->[object Object]
[2025-11-16T14:55:11.873Z] [INFO] gamesscoreboard->league nfl
[2025-11-16T14:55:11.874Z] [INFO] gamesscoreboard->id undefined
[2025-11-16T14:55:11.875Z] [INFO] gamesscoreboard->urlScore https://site.api.espn.com/apis/site/v2/sports/football/nfl/scoreboard/undefined
[2025-11-16T14:55:11.875Z] [INFO] gamesscoreboard-> feedConfig.scoreUrl->https://site.api.espn.com/apis/site/v2/sports/football/nfl/scoreboard
[2025-11-16T14:55:21.860Z] [INFO] gamesscoreboard->league nfl
[2025-11-16T14:55:21.862Z] [INFO] gamesscoreboard->id mia
[2025-11-16T14:55:21.863Z] [INFO] gamesscoreboard->urlScore https://site.api.espn.com/apis/site/v2/sports/football/nfl/scoreboard/mia
[2025-11-16T14:55:21.864Z] [INFO] gamesscoreboard-> feedConfig.scoreUrl->https://site.api.espn.com/apis/site/v2/sports/football/nfl/scoreboard
[2025-11-16T14:55:26.863Z] [INFO] gamesscoreboard->league nfl
[2025-11-16T14:55:26.865Z] [INFO] gamesscoreboard->id undefined
[2025-11-16T14:55:26.865Z] [INFO] gamesscoreboard->urlScore https://site.api.espn.com/apis/site/v2/sports/football/nfl/scoreboard/undefined
[2025-11-16T14:55:26.865Z] [INFO] gamesscoreboard-> feedConfig.scoreUrl->https://site.api.espn.com/apis/site/v2/sports/football/nfl/scoreboard
[2025-11-16T14:55:31.870Z] [INFO] league->nfl
[2025-11-16T14:55:31.872Z] [INFO] team->mia
[2025-11-16T14:55:31.873Z] [INFO] feedConfig->{"url":"https://site.web.api.espn.com/apis/v2/scoreboard/header?sport=football&league=nfl","file":"nfl_data.json","route":"nfl","scoreUrl":"https://site.api.espn.com/apis/site/v2/sports/football/nfl/scoreboard"}
[2025-11-16T14:55:31.873Z] [INFO] FILE_PATH->C:\Users\clcontact\source\node\sports-ticker\sportsticker2\backend\data\nfl_data.json
[2025-11-16T14:55:31.878Z] [INFO] findEventByName->events->[object Object],[object Object],[object Object],[object Object],[object Object],[object Object],[object Object],[object Object],[object Object],[object Object],[object Object],[object Object],[object Object],[object Object],[object Object]
[2025-11-16T14:55:31.879Z] [INFO] findEventByName->teamName->mia
[2025-11-16T14:55:31.880Z] [INFO] foundEvent->[object Object]
[2025-11-16T14:55:31.881Z] [INFO] eventsToMap->[object Object]
[2025-11-16T14:55:36.875Z] [INFO] gamesscoreboard->league nfl
[2025-11-16T14:55:36.876Z] [INFO] gamesscoreboard->id mia
[2025-11-16T14:55:36.877Z] [INFO] gamesscoreboard->urlScore https://site.api.espn.com/apis/site/v2/sports/football/nfl/scoreboard/mia
[2025-11-16T14:55:36.877Z] [INFO] gamesscoreboard-> feedConfig.scoreUrl->https://site.api.espn.com/apis/site/v2/sports/football/nfl/scoreboard
[2025-11-16T14:55:37.867Z] [INFO] league->nfl
[2025-11-16T14:55:37.869Z] [INFO] team->mia
[2025-11-16T14:55:37.870Z] [INFO] feedConfig->{"url":"https://site.web.api.espn.com/apis/v2/scoreboard/header?sport=football&league=nfl","file":"nfl_data.json","route":"nfl","scoreUrl":"https://site.api.espn.com/apis/site/v2/sports/football/nfl/scoreboard"}
[2025-11-16T14:55:37.872Z] [INFO] FILE_PATH->C:\Users\clcontact\source\node\sports-ticker\sportsticker2\backend\data\nfl_data.json
[2025-11-16T14:55:37.889Z] [INFO] findEventByName->events->[object Object],[object Object],[object Object],[object Object],[object Object],[object Object],[object Object],[object Object],[object Object],[object Object],[object Object],[object Object],[object Object],[object Object],[object Object]
[2025-11-16T14:55:37.890Z] [INFO] findEventByName->teamName->mia
[2025-11-16T14:55:37.891Z] [INFO] foundEvent->[object Object]
[2025-11-16T14:55:37.892Z] [INFO] eventsToMap->[object Object]
[2025-11-16T14:55:41.858Z] [INFO] gamesscoreboard->league nfl
[2025-11-16T14:55:41.860Z] [INFO] gamesscoreboard->id undefined
[2025-11-16T14:55:41.861Z] [INFO] gamesscoreboard->urlScore https://site.api.espn.com/apis/site/v2/sports/football/nfl/scoreboard/undefined
[2025-11-16T14:55:41.862Z] [INFO] gamesscoreboard-> feedConfig.scoreUrl->https://site.api.espn.com/apis/site/v2/sports/football/nfl/scoreboard
[2025-11-16T14:55:42.866Z] [INFO] league->nfl
[2025-11-16T14:55:42.868Z] [INFO] team->mia
[2025-11-16T14:55:42.869Z] [INFO] feedConfig->{"url":"https://site.web.api.espn.com/apis/v2/scoreboard/header?sport=football&league=nfl","file":"nfl_data.json","route":"nfl","scoreUrl":"https://site.api.espn.com/apis/site/v2/sports/football/nfl/scoreboard"}
[2025-11-16T14:55:42.870Z] [INFO] FILE_PATH->C:\Users\clcontact\source\node\sports-ticker\sportsticker2\backend\data\nfl_data.json
[2025-11-16T14:55:42.885Z] [INFO] findEventByName->events->[object Object],[object Object],[object Object],[object Object],[object Object],[object Object],[object Object],[object Object],[object Object],[object Object],[object Object],[object Object],[object Object],[object Object],[object Object]
[2025-11-16T14:55:42.886Z] [INFO] findEventByName->teamName->mia
[2025-11-16T14:55:42.887Z] [INFO] foundEvent->[object Object]
[2025-11-16T14:55:42.887Z] [INFO] eventsToMap->[object Object]
[2025-11-16T14:55:47.862Z] [INFO] league->nfl
[2025-11-16T14:55:47.864Z] [INFO] team->mia
[2025-11-16T14:55:47.865Z] [INFO] feedConfig->{"url":"https://site.web.api.espn.com/apis/v2/scoreboard/header?sport=football&league=nfl","file":"nfl_data.json","route":"nfl","scoreUrl":"https://site.api.espn.com/apis/site/v2/sports/football/nfl/scoreboard"}
[2025-11-16T14:55:47.866Z] [INFO] FILE_PATH->C:\Users\clcontact\source\node\sports-ticker\sportsticker2\backend\data\nfl_data.json
[2025-11-16T14:55:47.882Z] [INFO] findEventByName->events->[object Object],[object Object],[object Object],[object Object],[object Object],[object Object],[object Object],[object Object],[object Object],[object Object],[object Object],[object Object],[object Object],[object Object],[object Object]
[2025-11-16T14:55:47.883Z] [INFO] findEventByName->teamName->mia
[2025-11-16T14:55:47.884Z] [INFO] foundEvent->[object Object]
[2025-11-16T14:55:47.885Z] [INFO] eventsToMap->[object Object]
[2025-11-16T14:55:51.869Z] [INFO] gamesscoreboard->league nfl
[2025-11-16T14:55:51.871Z] [INFO] gamesscoreboard->id mia
[2025-11-16T14:55:51.871Z] [INFO] gamesscoreboard->urlScore https://site.api.espn.com/apis/site/v2/sports/football/nfl/scoreboard/mia
[2025-11-16T14:55:51.871Z] [INFO] gamesscoreboard-> feedConfig.scoreUrl->https://site.api.espn.com/apis/site/v2/sports/football/nfl/scoreboard
[2025-11-16T14:56:16.863Z] [INFO] gamesscoreboard->league nfl
[2025-11-16T14:56:16.864Z] [INFO] gamesscoreboard->id undefined
[2025-11-16T14:56:16.864Z] [INFO] gamesscoreboard->urlScore https://site.api.espn.com/apis/site/v2/sports/football/nfl/scoreboard/undefined
[2025-11-16T14:56:16.865Z] [INFO] gamesscoreboard-> feedConfig.scoreUrl->https://site.api.espn.com/apis/site/v2/sports/football/nfl/scoreboard
[2025-11-16T14:56:16.869Z] [INFO] gamesscoreboard->league nfl
[2025-11-16T14:56:16.869Z] [INFO] gamesscoreboard->id mia
[2025-11-16T14:56:16.870Z] [INFO] gamesscoreboard->urlScore https://site.api.espn.com/apis/site/v2/sports/football/nfl/scoreboard/mia
[2025-11-16T14:56:16.881Z] [INFO] gamesscoreboard-> feedConfig.scoreUrl->https://site.api.espn.com/apis/site/v2/sports/football/nfl/scoreboard
[2025-11-16T14:56:16.883Z] [INFO] league->nfl
[2025-11-16T14:56:16.884Z] [INFO] team->mia
[2025-11-16T14:56:16.884Z] [INFO] feedConfig->{"url":"https://site.web.api.espn.com/apis/v2/scoreboard/header?sport=football&league=nfl","file":"nfl_data.json","route":"nfl","scoreUrl":"https://site.api.espn.com/apis/site/v2/sports/football/nfl/scoreboard"}
[2025-11-16T14:56:16.885Z] [INFO] FILE_PATH->C:\Users\clcontact\source\node\sports-ticker\sportsticker2\backend\data\nfl_data.json
[2025-11-16T14:56:16.891Z] [INFO] findEventByName->events->[object Object],[object Object],[object Object],[object Object],[object Object],[object Object],[object Object],[object Object],[object Object],[object Object],[object Object],[object Object],[object Object],[object Object],[object Object]
[2025-11-16T14:56:16.893Z] [INFO] findEventByName->teamName->mia
[2025-11-16T14:56:16.894Z] [INFO] foundEvent->[object Object]
[2025-11-16T14:56:16.894Z] [INFO] eventsToMap->[object Object]
[2025-11-16T14:56:22.861Z] [INFO] league->nfl
[2025-11-16T14:56:22.862Z] [INFO] team->mia
[2025-11-16T14:56:22.862Z] [INFO] feedConfig->{"url":"https://site.web.api.espn.com/apis/v2/scoreboard/header?sport=football&league=nfl","file":"nfl_data.json","route":"nfl","scoreUrl":"https://site.api.espn.com/apis/site/v2/sports/football/nfl/scoreboard"}
[2025-11-16T14:56:22.863Z] [INFO] FILE_PATH->C:\Users\clcontact\source\node\sports-ticker\sportsticker2\backend\data\nfl_data.json
[2025-11-16T14:56:22.867Z] [INFO] findEventByName->events->[object Object],[object Object],[object Object],[object Object],[object Object],[object Object],[object Object],[object Object],[object Object],[object Object],[object Object],[object Object],[object Object],[object Object],[object Object]
[2025-11-16T14:56:22.868Z] [INFO] findEventByName->teamName->mia
[2025-11-16T14:56:22.868Z] [INFO] foundEvent->[object Object]
[2025-11-16T14:56:22.869Z] [INFO] eventsToMap->[object Object]
[2025-11-16T14:56:27.860Z] [INFO] league->nfl
[2025-11-16T14:56:27.862Z] [INFO] team->mia
[2025-11-16T14:56:27.863Z] [INFO] feedConfig->{"url":"https://site.web.api.espn.com/apis/v2/scoreboard/header?sport=football&league=nfl","file":"nfl_data.json","route":"nfl","scoreUrl":"https://site.api.espn.com/apis/site/v2/sports/football/nfl/scoreboard"}
[2025-11-16T14:56:27.864Z] [INFO] FILE_PATH->C:\Users\clcontact\source\node\sports-ticker\sportsticker2\backend\data\nfl_data.json
[2025-11-16T14:56:27.869Z] [INFO] findEventByName->events->[object Object],[object Object],[object Object],[object Object],[object Object],[object Object],[object Object],[object Object],[object Object],[object Object],[object Object],[object Object],[object Object],[object Object],[object Object]
[2025-11-16T14:56:27.870Z] [INFO] findEventByName->teamName->mia
[2025-11-16T14:56:27.870Z] [INFO] foundEvent->[object Object]
[2025-11-16T14:56:27.871Z] [INFO] eventsToMap->[object Object]
[2025-11-16T14:56:32.857Z] [INFO] league->nfl
[2025-11-16T14:56:32.858Z] [INFO] team->mia
[2025-11-16T14:56:32.858Z] [INFO] feedConfig->{"url":"https://site.web.api.espn.com/apis/v2/scoreboard/header?sport=football&league=nfl","file":"nfl_data.json","route":"nfl","scoreUrl":"https://site.api.espn.com/apis/site/v2/sports/football/nfl/scoreboard"}
[2025-11-16T14:56:32.859Z] [INFO] FILE_PATH->C:\Users\clcontact\source\node\sports-ticker\sportsticker2\backend\data\nfl_data.json
[2025-11-16T14:56:32.867Z] [INFO] findEventByName->events->[object Object],[object Object],[object Object],[object Object],[object Object],[object Object],[object Object],[object Object],[object Object],[object Object],[object Object],[object Object],[object Object],[object Object],[object Object]
[2025-11-16T14:56:32.868Z] [INFO] findEventByName->teamName->mia
[2025-11-16T14:56:32.868Z] [INFO] foundEvent->[object Object]
[2025-11-16T14:56:32.868Z] [INFO] eventsToMap->[object Object]
[2025-11-16T14:56:37.861Z] [INFO] league->nfl
[2025-11-16T14:56:37.863Z] [INFO] team->mia
[2025-11-16T14:56:37.864Z] [INFO] feedConfig->{"url":"https://site.web.api.espn.com/apis/v2/scoreboard/header?sport=football&league=nfl","file":"nfl_data.json","route":"nfl","scoreUrl":"https://site.api.espn.com/apis/site/v2/sports/football/nfl/scoreboard"}
[2025-11-16T14:56:37.866Z] [INFO] FILE_PATH->C:\Users\clcontact\source\node\sports-ticker\sportsticker2\backend\data\nfl_data.json
[2025-11-16T14:56:37.872Z] [INFO] findEventByName->events->[object Object],[object Object],[object Object],[object Object],[object Object],[object Object],[object Object],[object Object],[object Object],[object Object],[object Object],[object Object],[object Object],[object Object],[object Object]
[2025-11-16T14:56:37.873Z] [INFO] findEventByName->teamName->mia
[2025-11-16T14:56:37.874Z] [INFO] foundEvent->[object Object]
[2025-11-16T14:56:37.874Z] [INFO] eventsToMap->[object Object]
[2025-11-16T14:56:42.865Z] [INFO] league->nfl
[2025-11-16T14:56:42.867Z] [INFO] team->mia
[2025-11-16T14:56:42.868Z] [INFO] feedConfig->{"url":"https://site.web.api.espn.com/apis/v2/scoreboard/header?sport=football&league=nfl","file":"nfl_data.json","route":"nfl","scoreUrl":"https://site.api.espn.com/apis/site/v2/sports/football/nfl/scoreboard"}
[2025-11-16T14:56:42.870Z] [INFO] FILE_PATH->C:\Users\clcontact\source\node\sports-ticker\sportsticker2\backend\data\nfl_data.json
[2025-11-16T14:56:42.879Z] [INFO] findEventByName->events->[object Object],[object Object],[object Object],[object Object],[object Object],[object Object],[object Object],[object Object],[object Object],[object Object],[object Object],[object Object],[object Object],[object Object],[object Object]
[2025-11-16T14:56:42.879Z] [INFO] findEventByName->teamName->mia
[2025-11-16T14:56:42.881Z] [INFO] foundEvent->[object Object]
[2025-11-16T14:56:42.882Z] [INFO] eventsToMap->[object Object]
[2025-11-16T14:56:47.868Z] [INFO] league->nfl
[2025-11-16T14:56:47.870Z] [INFO] team->mia
[2025-11-16T14:56:47.871Z] [INFO] feedConfig->{"url":"https://site.web.api.espn.com/apis/v2/scoreboard/header?sport=football&league=nfl","file":"nfl_data.json","route":"nfl","scoreUrl":"https://site.api.espn.com/apis/site/v2/sports/football/nfl/scoreboard"}
[2025-11-16T14:56:47.873Z] [INFO] FILE_PATH->C:\Users\clcontact\source\node\sports-ticker\sportsticker2\backend\data\nfl_data.json
[2025-11-16T14:56:47.886Z] [INFO] findEventByName->events->[object Object],[object Object],[object Object],[object Object],[object Object],[object Object],[object Object],[object Object],[object Object],[object Object],[object Object],[object Object],[object Object],[object Object],[object Object]
[2025-11-16T14:56:47.887Z] [INFO] findEventByName->teamName->mia
[2025-11-16T14:56:47.887Z] [INFO] foundEvent->[object Object]
[2025-11-16T14:56:47.887Z] [INFO] eventsToMap->[object Object]
[2025-11-16T14:57:16.873Z] [INFO] gamesscoreboard->league nfl
[2025-11-16T14:57:16.873Z] [INFO] gamesscoreboard->id undefined
[2025-11-16T14:57:16.874Z] [INFO] gamesscoreboard->urlScore https://site.api.espn.com/apis/site/v2/sports/football/nfl/scoreboard/undefined
[2025-11-16T14:57:16.875Z] [INFO] gamesscoreboard-> feedConfig.scoreUrl->https://site.api.espn.com/apis/site/v2/sports/football/nfl/scoreboard
[2025-11-16T14:57:16.878Z] [INFO] league->nfl
[2025-11-16T14:57:16.879Z] [INFO] team->mia
[2025-11-16T14:57:16.880Z] [INFO] feedConfig->{"url":"https://site.web.api.espn.com/apis/v2/scoreboard/header?sport=football&league=nfl","file":"nfl_data.json","route":"nfl","scoreUrl":"https://site.api.espn.com/apis/site/v2/sports/football/nfl/scoreboard"}
[2025-11-16T14:57:16.880Z] [INFO] FILE_PATH->C:\Users\clcontact\source\node\sports-ticker\sportsticker2\backend\data\nfl_data.json
[2025-11-16T14:57:16.886Z] [INFO] findEventByName->events->[object Object],[object Object],[object Object],[object Object],[object Object],[object Object],[object Object],[object Object],[object Object],[object Object],[object Object],[object Object],[object Object],[object Object],[object Object]
[2025-11-16T14:57:16.887Z] [INFO] findEventByName->teamName->mia
[2025-11-16T14:57:16.888Z] [INFO] foundEvent->[object Object]
[2025-11-16T14:57:16.889Z] [INFO] eventsToMap->[object Object]
[2025-11-16T14:57:16.890Z] [INFO] gamesscoreboard->league nfl
[2025-11-16T14:57:16.891Z] [INFO] gamesscoreboard->id mia
[2025-11-16T14:57:16.891Z] [INFO] gamesscoreboard->urlScore https://site.api.espn.com/apis/site/v2/sports/football/nfl/scoreboard/mia
[2025-11-16T14:57:16.892Z] [INFO] gamesscoreboard-> feedConfig.scoreUrl->https://site.api.espn.com/apis/site/v2/sports/football/nfl/scoreboard
[2025-11-16T14:58:16.864Z] [INFO] gamesscoreboard->league nfl
[2025-11-16T14:58:16.866Z] [INFO] gamesscoreboard->id undefined
[2025-11-16T14:58:16.867Z] [INFO] gamesscoreboard->urlScore https://site.api.espn.com/apis/site/v2/sports/football/nfl/scoreboard/undefined
[2025-11-16T14:58:16.867Z] [INFO] gamesscoreboard-> feedConfig.scoreUrl->https://site.api.espn.com/apis/site/v2/sports/football/nfl/scoreboard
[2025-11-16T14:58:16.873Z] [INFO] league->nfl
[2025-11-16T14:58:16.873Z] [INFO] team->mia
[2025-11-16T14:58:16.874Z] [INFO] feedConfig->{"url":"https://site.web.api.espn.com/apis/v2/scoreboard/header?sport=football&league=nfl","file":"nfl_data.json","route":"nfl","scoreUrl":"https://site.api.espn.com/apis/site/v2/sports/football/nfl/scoreboard"}
[2025-11-16T14:58:16.874Z] [INFO] FILE_PATH->C:\Users\clcontact\source\node\sports-ticker\sportsticker2\backend\data\nfl_data.json
[2025-11-16T14:58:16.882Z] [INFO] findEventByName->events->[object Object],[object Object],[object Object],[object Object],[object Object],[object Object],[object Object],[object Object],[object Object],[object Object],[object Object],[object Object],[object Object],[object Object],[object Object]
[2025-11-16T14:58:16.883Z] [INFO] findEventByName->teamName->mia
[2025-11-16T14:58:16.884Z] [INFO] foundEvent->[object Object]
[2025-11-16T14:58:16.885Z] [INFO] eventsToMap->[object Object]
[2025-11-16T14:58:16.886Z] [INFO] gamesscoreboard->league nfl
[2025-11-16T14:58:16.887Z] [INFO] gamesscoreboard->id mia
[2025-11-16T14:58:16.888Z] [INFO] gamesscoreboard->urlScore https://site.api.espn.com/apis/site/v2/sports/football/nfl/scoreboard/mia
[2025-11-16T14:58:16.888Z] [INFO] gamesscoreboard-> feedConfig.scoreUrl->https://site.api.espn.com/apis/site/v2/sports/football/nfl/scoreboard
[2025-11-16T14:58:22.866Z] [INFO] league->nfl
[2025-11-16T14:58:22.868Z] [INFO] team->mia
[2025-11-16T14:58:22.869Z] [INFO] feedConfig->{"url":"https://site.web.api.espn.com/apis/v2/scoreboard/header?sport=football&league=nfl","file":"nfl_data.json","route":"nfl","scoreUrl":"https://site.api.espn.com/apis/site/v2/sports/football/nfl/scoreboard"}
[2025-11-16T14:58:22.870Z] [INFO] FILE_PATH->C:\Users\clcontact\source\node\sports-ticker\sportsticker2\backend\data\nfl_data.json
[2025-11-16T14:58:22.875Z] [INFO] findEventByName->events->[object Object],[object Object],[object Object],[object Object],[object Object],[object Object],[object Object],[object Object],[object Object],[object Object],[object Object],[object Object],[object Object],[object Object],[object Object]
[2025-11-16T14:58:22.876Z] [INFO] findEventByName->teamName->mia
[2025-11-16T14:58:22.876Z] [INFO] foundEvent->[object Object]
[2025-11-16T14:58:22.877Z] [INFO] eventsToMap->[object Object]
[2025-11-16T14:58:27.862Z] [INFO] league->nfl
[2025-11-16T14:58:27.863Z] [INFO] team->mia
[2025-11-16T14:58:27.864Z] [INFO] feedConfig->{"url":"https://site.web.api.espn.com/apis/v2/scoreboard/header?sport=football&league=nfl","file":"nfl_data.json","route":"nfl","scoreUrl":"https://site.api.espn.com/apis/site/v2/sports/football/nfl/scoreboard"}
[2025-11-16T14:58:27.865Z] [INFO] FILE_PATH->C:\Users\clcontact\source\node\sports-ticker\sportsticker2\backend\data\nfl_data.json
[2025-11-16T14:58:27.879Z] [INFO] findEventByName->events->[object Object],[object Object],[object Object],[object Object],[object Object],[object Object],[object Object],[object Object],[object Object],[object Object],[object Object],[object Object],[object Object],[object Object],[object Object]
[2025-11-16T14:58:27.880Z] [INFO] findEventByName->teamName->mia
[2025-11-16T14:58:27.881Z] [INFO] foundEvent->[object Object]
[2025-11-16T14:58:27.882Z] [INFO] eventsToMap->[object Object]
[2025-11-16T14:58:32.868Z] [INFO] league->nfl
[2025-11-16T14:58:32.870Z] [INFO] team->mia
[2025-11-16T14:58:32.871Z] [INFO] feedConfig->{"url":"https://site.web.api.espn.com/apis/v2/scoreboard/header?sport=football&league=nfl","file":"nfl_data.json","route":"nfl","scoreUrl":"https://site.api.espn.com/apis/site/v2/sports/football/nfl/scoreboard"}
[2025-11-16T14:58:32.872Z] [INFO] FILE_PATH->C:\Users\clcontact\source\node\sports-ticker\sportsticker2\backend\data\nfl_data.json
[2025-11-16T14:58:32.892Z] [INFO] findEventByName->events->[object Object],[object Object],[object Object],[object Object],[object Object],[object Object],[object Object],[object Object],[object Object],[object Object],[object Object],[object Object],[object Object],[object Object],[object Object]
[2025-11-16T14:58:32.892Z] [INFO] findEventByName->teamName->mia
[2025-11-16T14:58:32.893Z] [INFO] foundEvent->[object Object]
[2025-11-16T14:58:32.893Z] [INFO] eventsToMap->[object Object]
[2025-11-16T14:58:37.862Z] [INFO] league->nfl
[2025-11-16T14:58:37.864Z] [INFO] team->mia
[2025-11-16T14:58:37.865Z] [INFO] feedConfig->{"url":"https://site.web.api.espn.com/apis/v2/scoreboard/header?sport=football&league=nfl","file":"nfl_data.json","route":"nfl","scoreUrl":"https://site.api.espn.com/apis/site/v2/sports/football/nfl/scoreboard"}
[2025-11-16T14:58:37.866Z] [INFO] FILE_PATH->C:\Users\clcontact\source\node\sports-ticker\sportsticker2\backend\data\nfl_data.json
[2025-11-16T14:58:37.876Z] [INFO] findEventByName->events->[object Object],[object Object],[object Object],[object Object],[object Object],[object Object],[object Object],[object Object],[object Object],[object Object],[object Object],[object Object],[object Object],[object Object],[object Object]
[2025-11-16T14:58:37.877Z] [INFO] findEventByName->teamName->mia
[2025-11-16T14:58:37.878Z] [INFO] foundEvent->[object Object]
[2025-11-16T14:58:37.879Z] [INFO] eventsToMap->[object Object]
[2025-11-16T14:58:42.859Z] [INFO] league->nfl
[2025-11-16T14:58:42.861Z] [INFO] team->mia
[2025-11-16T14:58:42.862Z] [INFO] feedConfig->{"url":"https://site.web.api.espn.com/apis/v2/scoreboard/header?sport=football&league=nfl","file":"nfl_data.json","route":"nfl","scoreUrl":"https://site.api.espn.com/apis/site/v2/sports/football/nfl/scoreboard"}
[2025-11-16T14:58:42.864Z] [INFO] FILE_PATH->C:\Users\clcontact\source\node\sports-ticker\sportsticker2\backend\data\nfl_data.json
[2025-11-16T14:58:42.870Z] [INFO] findEventByName->events->[object Object],[object Object],[object Object],[object Object],[object Object],[object Object],[object Object],[object Object],[object Object],[object Object],[object Object],[object Object],[object Object],[object Object],[object Object]
[2025-11-16T14:58:42.870Z] [INFO] findEventByName->teamName->mia
[2025-11-16T14:58:42.871Z] [INFO] foundEvent->[object Object]
[2025-11-16T14:58:42.871Z] [INFO] eventsToMap->[object Object]
[2025-11-16T14:58:47.868Z] [INFO] league->nfl
[2025-11-16T14:58:47.870Z] [INFO] team->mia
[2025-11-16T14:58:47.870Z] [INFO] feedConfig->{"url":"https://site.web.api.espn.com/apis/v2/scoreboard/header?sport=football&league=nfl","file":"nfl_data.json","route":"nfl","scoreUrl":"https://site.api.espn.com/apis/site/v2/sports/football/nfl/scoreboard"}
[2025-11-16T14:58:47.870Z] [INFO] FILE_PATH->C:\Users\clcontact\source\node\sports-ticker\sportsticker2\backend\data\nfl_data.json
[2025-11-16T14:58:47.875Z] [INFO] findEventByName->events->[object Object],[object Object],[object Object],[object Object],[object Object],[object Object],[object Object],[object Object],[object Object],[object Object],[object Object],[object Object],[object Object],[object Object],[object Object]
[2025-11-16T14:58:47.876Z] [INFO] findEventByName->teamName->mia
[2025-11-16T14:58:47.877Z] [INFO] foundEvent->[object Object]
[2025-11-16T14:58:47.878Z] [INFO] eventsToMap->[object Object]
[2025-11-16T14:59:16.864Z] [INFO] gamesscoreboard->league nfl
[2025-11-16T14:59:16.865Z] [INFO] gamesscoreboard->id undefined
[2025-11-16T14:59:16.865Z] [INFO] gamesscoreboard->urlScore https://site.api.espn.com/apis/site/v2/sports/football/nfl/scoreboard/undefined
[2025-11-16T14:59:16.866Z] [INFO] gamesscoreboard-> feedConfig.scoreUrl->https://site.api.espn.com/apis/site/v2/sports/football/nfl/scoreboard
[2025-11-16T14:59:16.872Z] [INFO] league->nfl
[2025-11-16T14:59:16.873Z] [INFO] team->mia
[2025-11-16T14:59:16.874Z] [INFO] feedConfig->{"url":"https://site.web.api.espn.com/apis/v2/scoreboard/header?sport=football&league=nfl","file":"nfl_data.json","route":"nfl","scoreUrl":"https://site.api.espn.com/apis/site/v2/sports/football/nfl/scoreboard"}
[2025-11-16T14:59:16.874Z] [INFO] FILE_PATH->C:\Users\clcontact\source\node\sports-ticker\sportsticker2\backend\data\nfl_data.json
[2025-11-16T14:59:16.882Z] [INFO] findEventByName->events->[object Object],[object Object],[object Object],[object Object],[object Object],[object Object],[object Object],[object Object],[object Object],[object Object],[object Object],[object Object],[object Object],[object Object],[object Object]
[2025-11-16T14:59:16.883Z] [INFO] findEventByName->teamName->mia
[2025-11-16T14:59:16.884Z] [INFO] foundEvent->[object Object]
[2025-11-16T14:59:16.885Z] [INFO] eventsToMap->[object Object]
[2025-11-16T14:59:16.886Z] [INFO] gamesscoreboard->league nfl
[2025-11-16T14:59:16.887Z] [INFO] gamesscoreboard->id mia
[2025-11-16T14:59:16.887Z] [INFO] gamesscoreboard->urlScore https://site.api.espn.com/apis/site/v2/sports/football/nfl/scoreboard/mia
[2025-11-16T14:59:16.887Z] [INFO] gamesscoreboard-> feedConfig.scoreUrl->https://site.api.espn.com/apis/site/v2/sports/football/nfl/scoreboard
[2025-11-16T15:00:16.865Z] [INFO] gamesscoreboard->league nfl
[2025-11-16T15:00:16.866Z] [INFO] gamesscoreboard->id undefined
[2025-11-16T15:00:16.867Z] [INFO] gamesscoreboard->urlScore https://site.api.espn.com/apis/site/v2/sports/football/nfl/scoreboard/undefined
[2025-11-16T15:00:16.867Z] [INFO] gamesscoreboard-> feedConfig.scoreUrl->https://site.api.espn.com/apis/site/v2/sports/football/nfl/scoreboard
[2025-11-16T15:00:16.868Z] [INFO] gamesscoreboard->league nfl
[2025-11-16T15:00:16.869Z] [INFO] gamesscoreboard->id mia
[2025-11-16T15:00:16.869Z] [INFO] gamesscoreboard->urlScore https://site.api.espn.com/apis/site/v2/sports/football/nfl/scoreboard/mia
[2025-11-16T15:00:16.870Z] [INFO] gamesscoreboard-> feedConfig.scoreUrl->https://site.api.espn.com/apis/site/v2/sports/football/nfl/scoreboard
[2025-11-16T15:00:16.871Z] [INFO] league->nfl
[2025-11-16T15:00:16.872Z] [INFO] team->mia
[2025-11-16T15:00:16.872Z] [INFO] feedConfig->{"url":"https://site.web.api.espn.com/apis/v2/scoreboard/header?sport=football&league=nfl","file":"nfl_data.json","route":"nfl","scoreUrl":"https://site.api.espn.com/apis/site/v2/sports/football/nfl/scoreboard"}
[2025-11-16T15:00:16.872Z] [INFO] FILE_PATH->C:\Users\clcontact\source\node\sports-ticker\sportsticker2\backend\data\nfl_data.json
[2025-11-16T15:00:16.882Z] [INFO] findEventByName->events->[object Object],[object Object],[object Object],[object Object],[object Object],[object Object],[object Object],[object Object],[object Object],[object Object],[object Object],[object Object],[object Object],[object Object],[object Object]
[2025-11-16T15:00:16.882Z] [INFO] findEventByName->teamName->mia
[2025-11-16T15:00:16.883Z] [INFO] foundEvent->[object Object]
[2025-11-16T15:00:16.883Z] [INFO] eventsToMap->[object Object]
[2025-11-16T15:00:22.858Z] [INFO] league->nfl
[2025-11-16T15:00:22.860Z] [INFO] team->mia
[2025-11-16T15:00:22.861Z] [INFO] feedConfig->{"url":"https://site.web.api.espn.com/apis/v2/scoreboard/header?sport=football&league=nfl","file":"nfl_data.json","route":"nfl","scoreUrl":"https://site.api.espn.com/apis/site/v2/sports/football/nfl/scoreboard"}
[2025-11-16T15:00:22.863Z] [INFO] FILE_PATH->C:\Users\clcontact\source\node\sports-ticker\sportsticker2\backend\data\nfl_data.json
[2025-11-16T15:00:22.883Z] [INFO] findEventByName->events->[object Object],[object Object],[object Object],[object Object],[object Object],[object Object],[object Object],[object Object],[object Object],[object Object],[object Object],[object Object],[object Object],[object Object],[object Object]
[2025-11-16T15:00:22.884Z] [INFO] findEventByName->teamName->mia
[2025-11-16T15:00:22.885Z] [INFO] foundEvent->[object Object]
[2025-11-16T15:00:22.886Z] [INFO] eventsToMap->[object Object]
[2025-11-16T15:00:27.872Z] [INFO] league->nfl
[2025-11-16T15:00:27.873Z] [INFO] team->mia
[2025-11-16T15:00:27.874Z] [INFO] feedConfig->{"url":"https://site.web.api.espn.com/apis/v2/scoreboard/header?sport=football&league=nfl","file":"nfl_data.json","route":"nfl","scoreUrl":"https://site.api.espn.com/apis/site/v2/sports/football/nfl/scoreboard"}
[2025-11-16T15:00:27.874Z] [INFO] FILE_PATH->C:\Users\clcontact\source\node\sports-ticker\sportsticker2\backend\data\nfl_data.json
[2025-11-16T15:00:27.881Z] [INFO] findEventByName->events->[object Object],[object Object],[object Object],[object Object],[object Object],[object Object],[object Object],[object Object],[object Object],[object Object],[object Object],[object Object],[object Object],[object Object],[object Object]
[2025-11-16T15:00:27.882Z] [INFO] findEventByName->teamName->mia
[2025-11-16T15:00:27.882Z] [INFO] foundEvent->[object Object]
[2025-11-16T15:00:27.882Z] [INFO] eventsToMap->[object Object]
[2025-11-16T15:00:32.867Z] [INFO] league->nfl
[2025-11-16T15:00:32.869Z] [INFO] team->mia
[2025-11-16T15:00:32.870Z] [INFO] feedConfig->{"url":"https://site.web.api.espn.com/apis/v2/scoreboard/header?sport=football&league=nfl","file":"nfl_data.json","route":"nfl","scoreUrl":"https://site.api.espn.com/apis/site/v2/sports/football/nfl/scoreboard"}
[2025-11-16T15:00:32.871Z] [INFO] FILE_PATH->C:\Users\clcontact\source\node\sports-ticker\sportsticker2\backend\data\nfl_data.json
[2025-11-16T15:00:32.880Z] [INFO] findEventByName->events->[object Object],[object Object],[object Object],[object Object],[object Object],[object Object],[object Object],[object Object],[object Object],[object Object],[object Object],[object Object],[object Object],[object Object],[object Object]
[2025-11-16T15:00:32.881Z] [INFO] findEventByName->teamName->mia
[2025-11-16T15:00:32.881Z] [INFO] foundEvent->[object Object]
[2025-11-16T15:00:32.881Z] [INFO] eventsToMap->[object Object]
[2025-11-16T15:00:37.871Z] [INFO] league->nfl
[2025-11-16T15:00:37.873Z] [INFO] team->mia
[2025-11-16T15:00:37.875Z] [INFO] feedConfig->{"url":"https://site.web.api.espn.com/apis/v2/scoreboard/header?sport=football&league=nfl","file":"nfl_data.json","route":"nfl","scoreUrl":"https://site.api.espn.com/apis/site/v2/sports/football/nfl/scoreboard"}
[2025-11-16T15:00:37.876Z] [INFO] FILE_PATH->C:\Users\clcontact\source\node\sports-ticker\sportsticker2\backend\data\nfl_data.json
[2025-11-16T15:00:37.880Z] [INFO] findEventByName->events->[object Object],[object Object],[object Object],[object Object],[object Object],[object Object],[object Object],[object Object],[object Object],[object Object],[object Object],[object Object],[object Object],[object Object],[object Object]
[2025-11-16T15:00:37.881Z] [INFO] findEventByName->teamName->mia
[2025-11-16T15:00:37.881Z] [INFO] foundEvent->[object Object]
[2025-11-16T15:00:37.881Z] [INFO] eventsToMap->[object Object]
[2025-11-16T15:00:42.867Z] [INFO] league->nfl
[2025-11-16T15:00:42.869Z] [INFO] team->mia
[2025-11-16T15:00:42.870Z] [INFO] feedConfig->{"url":"https://site.web.api.espn.com/apis/v2/scoreboard/header?sport=football&league=nfl","file":"nfl_data.json","route":"nfl","scoreUrl":"https://site.api.espn.com/apis/site/v2/sports/football/nfl/scoreboard"}
[2025-11-16T15:00:42.871Z] [INFO] FILE_PATH->C:\Users\clcontact\source\node\sports-ticker\sportsticker2\backend\data\nfl_data.json
[2025-11-16T15:00:42.887Z] [INFO] findEventByName->events->[object Object],[object Object],[object Object],[object Object],[object Object],[object Object],[object Object],[object Object],[object Object],[object Object],[object Object],[object Object],[object Object],[object Object],[object Object]
[2025-11-16T15:00:42.888Z] [INFO] findEventByName->teamName->mia
[2025-11-16T15:00:42.889Z] [INFO] foundEvent->[object Object]
[2025-11-16T15:00:42.890Z] [INFO] eventsToMap->[object Object]
[2025-11-16T15:00:47.869Z] [INFO] league->nfl
[2025-11-16T15:00:47.870Z] [INFO] team->mia
[2025-11-16T15:00:47.871Z] [INFO] feedConfig->{"url":"https://site.web.api.espn.com/apis/v2/scoreboard/header?sport=football&league=nfl","file":"nfl_data.json","route":"nfl","scoreUrl":"https://site.api.espn.com/apis/site/v2/sports/football/nfl/scoreboard"}
[2025-11-16T15:00:47.873Z] [INFO] FILE_PATH->C:\Users\clcontact\source\node\sports-ticker\sportsticker2\backend\data\nfl_data.json
[2025-11-16T15:00:47.887Z] [INFO] findEventByName->events->[object Object],[object Object],[object Object],[object Object],[object Object],[object Object],[object Object],[object Object],[object Object],[object Object],[object Object],[object Object],[object Object],[object Object],[object Object]
[2025-11-16T15:00:47.887Z] [INFO] findEventByName->teamName->mia
[2025-11-16T15:00:47.888Z] [INFO] foundEvent->[object Object]
[2025-11-16T15:00:47.889Z] [INFO] eventsToMap->[object Object]
[2025-11-16T15:01:16.865Z] [INFO] gamesscoreboard->league nfl
[2025-11-16T15:01:16.866Z] [INFO] gamesscoreboard->id undefined
[2025-11-16T15:01:16.867Z] [INFO] gamesscoreboard->urlScore https://site.api.espn.com/apis/site/v2/sports/football/nfl/scoreboard/undefined
[2025-11-16T15:01:16.869Z] [INFO] gamesscoreboard-> feedConfig.scoreUrl->https://site.api.espn.com/apis/site/v2/sports/football/nfl/scoreboard
[2025-11-16T15:01:16.870Z] [INFO] league->nfl
[2025-11-16T15:01:16.871Z] [INFO] team->mia
[2025-11-16T15:01:16.871Z] [INFO] feedConfig->{"url":"https://site.web.api.espn.com/apis/v2/scoreboard/header?sport=football&league=nfl","file":"nfl_data.json","route":"nfl","scoreUrl":"https://site.api.espn.com/apis/site/v2/sports/football/nfl/scoreboard"}
[2025-11-16T15:01:16.872Z] [INFO] FILE_PATH->C:\Users\clcontact\source\node\sports-ticker\sportsticker2\backend\data\nfl_data.json
[2025-11-16T15:01:16.881Z] [INFO] findEventByName->events->[object Object],[object Object],[object Object],[object Object],[object Object],[object Object],[object Object],[object Object],[object Object],[object Object],[object Object],[object Object],[object Object],[object Object],[object Object]
[2025-11-16T15:01:16.882Z] [INFO] findEventByName->teamName->mia
[2025-11-16T15:01:16.883Z] [INFO] foundEvent->[object Object]
[2025-11-16T15:01:16.883Z] [INFO] eventsToMap->[object Object]
[2025-11-16T15:01:16.884Z] [INFO] gamesscoreboard->league nfl
[2025-11-16T15:01:16.885Z] [INFO] gamesscoreboard->id mia
[2025-11-16T15:01:16.885Z] [INFO] gamesscoreboard->urlScore https://site.api.espn.com/apis/site/v2/sports/football/nfl/scoreboard/mia
[2025-11-16T15:01:16.885Z] [INFO] gamesscoreboard-> feedConfig.scoreUrl->https://site.api.espn.com/apis/site/v2/sports/football/nfl/scoreboard
[2025-11-16T15:02:16.872Z] [INFO] gamesscoreboard->league nfl
[2025-11-16T15:02:16.872Z] [INFO] gamesscoreboard->id undefined
[2025-11-16T15:02:16.873Z] [INFO] gamesscoreboard->urlScore https://site.api.espn.com/apis/site/v2/sports/football/nfl/scoreboard/undefined
[2025-11-16T15:02:16.873Z] [INFO] gamesscoreboard-> feedConfig.scoreUrl->https://site.api.espn.com/apis/site/v2/sports/football/nfl/scoreboard
[2025-11-16T15:02:16.875Z] [INFO] gamesscoreboard->league nfl
[2025-11-16T15:02:16.876Z] [INFO] gamesscoreboard->id mia
[2025-11-16T15:02:16.876Z] [INFO] gamesscoreboard->urlScore https://site.api.espn.com/apis/site/v2/sports/football/nfl/scoreboard/mia
[2025-11-16T15:02:16.877Z] [INFO] gamesscoreboard-> feedConfig.scoreUrl->https://site.api.espn.com/apis/site/v2/sports/football/nfl/scoreboard
[2025-11-16T15:02:16.879Z] [INFO] league->nfl
[2025-11-16T15:02:16.880Z] [INFO] team->mia
[2025-11-16T15:02:16.880Z] [INFO] feedConfig->{"url":"https://site.web.api.espn.com/apis/v2/scoreboard/header?sport=football&league=nfl","file":"nfl_data.json","route":"nfl","scoreUrl":"https://site.api.espn.com/apis/site/v2/sports/football/nfl/scoreboard"}
[2025-11-16T15:02:16.881Z] [INFO] FILE_PATH->C:\Users\clcontact\source\node\sports-ticker\sportsticker2\backend\data\nfl_data.json
[2025-11-16T15:02:16.893Z] [INFO] findEventByName->events->[object Object],[object Object],[object Object],[object Object],[object Object],[object Object],[object Object],[object Object],[object Object],[object Object],[object Object],[object Object],[object Object],[object Object],[object Object]
[2025-11-16T15:02:16.894Z] [INFO] findEventByName->teamName->mia
[2025-11-16T15:02:16.895Z] [INFO] foundEvent->[object Object]
[2025-11-16T15:02:16.895Z] [INFO] eventsToMap->[object Object]
[2025-11-16T15:02:22.857Z] [INFO] league->nfl
[2025-11-16T15:02:22.858Z] [INFO] team->mia
[2025-11-16T15:02:22.859Z] [INFO] feedConfig->{"url":"https://site.web.api.espn.com/apis/v2/scoreboard/header?sport=football&league=nfl","file":"nfl_data.json","route":"nfl","scoreUrl":"https://site.api.espn.com/apis/site/v2/sports/football/nfl/scoreboard"}
[2025-11-16T15:02:22.859Z] [INFO] FILE_PATH->C:\Users\clcontact\source\node\sports-ticker\sportsticker2\backend\data\nfl_data.json
[2025-11-16T15:02:22.864Z] [INFO] findEventByName->events->[object Object],[object Object],[object Object],[object Object],[object Object],[object Object],[object Object],[object Object],[object Object],[object Object],[object Object],[object Object],[object Object],[object Object],[object Object]
[2025-11-16T15:02:22.864Z] [INFO] findEventByName->teamName->mia
[2025-11-16T15:02:22.864Z] [INFO] foundEvent->[object Object]
[2025-11-16T15:02:22.865Z] [INFO] eventsToMap->[object Object]
[2025-11-16T15:02:27.866Z] [INFO] league->nfl
[2025-11-16T15:02:27.867Z] [INFO] team->mia
[2025-11-16T15:02:27.867Z] [INFO] feedConfig->{"url":"https://site.web.api.espn.com/apis/v2/scoreboard/header?sport=football&league=nfl","file":"nfl_data.json","route":"nfl","scoreUrl":"https://site.api.espn.com/apis/site/v2/sports/football/nfl/scoreboard"}
[2025-11-16T15:02:27.868Z] [INFO] FILE_PATH->C:\Users\clcontact\source\node\sports-ticker\sportsticker2\backend\data\nfl_data.json
[2025-11-16T15:02:27.874Z] [INFO] findEventByName->events->[object Object],[object Object],[object Object],[object Object],[object Object],[object Object],[object Object],[object Object],[object Object],[object Object],[object Object],[object Object],[object Object],[object Object],[object Object]
[2025-11-16T15:02:27.874Z] [INFO] findEventByName->teamName->mia
[2025-11-16T15:02:27.875Z] [INFO] foundEvent->[object Object]
[2025-11-16T15:02:27.876Z] [INFO] eventsToMap->[object Object]
[2025-11-16T15:02:32.865Z] [INFO] league->nfl
[2025-11-16T15:02:32.867Z] [INFO] team->mia
[2025-11-16T15:02:32.868Z] [INFO] feedConfig->{"url":"https://site.web.api.espn.com/apis/v2/scoreboard/header?sport=football&league=nfl","file":"nfl_data.json","route":"nfl","scoreUrl":"https://site.api.espn.com/apis/site/v2/sports/football/nfl/scoreboard"}
[2025-11-16T15:02:32.868Z] [INFO] FILE_PATH->C:\Users\clcontact\source\node\sports-ticker\sportsticker2\backend\data\nfl_data.json
[2025-11-16T15:02:32.876Z] [INFO] findEventByName->events->[object Object],[object Object],[object Object],[object Object],[object Object],[object Object],[object Object],[object Object],[object Object],[object Object],[object Object],[object Object],[object Object],[object Object],[object Object]
[2025-11-16T15:02:32.877Z] [INFO] findEventByName->teamName->mia
[2025-11-16T15:02:32.877Z] [INFO] foundEvent->[object Object]
[2025-11-16T15:02:32.878Z] [INFO] eventsToMap->[object Object]
[2025-11-16T15:02:37.859Z] [INFO] league->nfl
[2025-11-16T15:02:37.860Z] [INFO] team->mia
[2025-11-16T15:02:37.861Z] [INFO] feedConfig->{"url":"https://site.web.api.espn.com/apis/v2/scoreboard/header?sport=football&league=nfl","file":"nfl_data.json","route":"nfl","scoreUrl":"https://site.api.espn.com/apis/site/v2/sports/football/nfl/scoreboard"}
[2025-11-16T15:02:37.862Z] [INFO] FILE_PATH->C:\Users\clcontact\source\node\sports-ticker\sportsticker2\backend\data\nfl_data.json
[2025-11-16T15:02:37.869Z] [INFO] findEventByName->events->[object Object],[object Object],[object Object],[object Object],[object Object],[object Object],[object Object],[object Object],[object Object],[object Object],[object Object],[object Object],[object Object],[object Object],[object Object]
[2025-11-16T15:02:37.870Z] [INFO] findEventByName->teamName->mia
[2025-11-16T15:02:37.871Z] [INFO] foundEvent->[object Object]
[2025-11-16T15:02:37.872Z] [INFO] eventsToMap->[object Object]
[2025-11-16T15:02:42.863Z] [INFO] league->nfl
[2025-11-16T15:02:42.864Z] [INFO] team->mia
[2025-11-16T15:02:42.865Z] [INFO] feedConfig->{"url":"https://site.web.api.espn.com/apis/v2/scoreboard/header?sport=football&league=nfl","file":"nfl_data.json","route":"nfl","scoreUrl":"https://site.api.espn.com/apis/site/v2/sports/football/nfl/scoreboard"}
[2025-11-16T15:02:42.866Z] [INFO] FILE_PATH->C:\Users\clcontact\source\node\sports-ticker\sportsticker2\backend\data\nfl_data.json
[2025-11-16T15:02:42.874Z] [INFO] findEventByName->events->[object Object],[object Object],[object Object],[object Object],[object Object],[object Object],[object Object],[object Object],[object Object],[object Object],[object Object],[object Object],[object Object],[object Object],[object Object]
[2025-11-16T15:02:42.874Z] [INFO] findEventByName->teamName->mia
[2025-11-16T15:02:42.875Z] [INFO] foundEvent->[object Object]
[2025-11-16T15:02:42.875Z] [INFO] eventsToMap->[object Object]
[2025-11-16T15:02:47.866Z] [INFO] league->nfl
[2025-11-16T15:02:47.867Z] [INFO] team->mia
[2025-11-16T15:02:47.868Z] [INFO] feedConfig->{"url":"https://site.web.api.espn.com/apis/v2/scoreboard/header?sport=football&league=nfl","file":"nfl_data.json","route":"nfl","scoreUrl":"https://site.api.espn.com/apis/site/v2/sports/football/nfl/scoreboard"}
[2025-11-16T15:02:47.869Z] [INFO] FILE_PATH->C:\Users\clcontact\source\node\sports-ticker\sportsticker2\backend\data\nfl_data.json
[2025-11-16T15:02:47.876Z] [INFO] findEventByName->events->[object Object],[object Object],[object Object],[object Object],[object Object],[object Object],[object Object],[object Object],[object Object],[object Object],[object Object],[object Object],[object Object],[object Object],[object Object]
[2025-11-16T15:02:47.876Z] [INFO] findEventByName->teamName->mia
[2025-11-16T15:02:47.876Z] [INFO] foundEvent->[object Object]
[2025-11-16T15:02:47.877Z] [INFO] eventsToMap->[object Object]
[2025-11-16T15:03:16.876Z] [INFO] gamesscoreboard->league nfl
[2025-11-16T15:03:16.877Z] [INFO] gamesscoreboard->id undefined
[2025-11-16T15:03:16.877Z] [INFO] gamesscoreboard->urlScore https://site.api.espn.com/apis/site/v2/sports/football/nfl/scoreboard/undefined
[2025-11-16T15:03:16.879Z] [INFO] gamesscoreboard-> feedConfig.scoreUrl->https://site.api.espn.com/apis/site/v2/sports/football/nfl/scoreboard
[2025-11-16T15:03:16.881Z] [INFO] league->nfl
[2025-11-16T15:03:16.881Z] [INFO] team->mia
[2025-11-16T15:03:16.882Z] [INFO] feedConfig->{"url":"https://site.web.api.espn.com/apis/v2/scoreboard/header?sport=football&league=nfl","file":"nfl_data.json","route":"nfl","scoreUrl":"https://site.api.espn.com/apis/site/v2/sports/football/nfl/scoreboard"}
[2025-11-16T15:03:16.882Z] [INFO] FILE_PATH->C:\Users\clcontact\source\node\sports-ticker\sportsticker2\backend\data\nfl_data.json
[2025-11-16T15:03:16.890Z] [INFO] findEventByName->events->[object Object],[object Object],[object Object],[object Object],[object Object],[object Object],[object Object],[object Object],[object Object],[object Object],[object Object],[object Object],[object Object],[object Object],[object Object]
[2025-11-16T15:03:16.891Z] [INFO] findEventByName->teamName->mia
[2025-11-16T15:03:16.892Z] [INFO] foundEvent->[object Object]
[2025-11-16T15:03:16.892Z] [INFO] eventsToMap->[object Object]
[2025-11-16T15:03:16.893Z] [INFO] gamesscoreboard->league nfl
[2025-11-16T15:03:16.894Z] [INFO] gamesscoreboard->id mia
[2025-11-16T15:03:16.895Z] [INFO] gamesscoreboard->urlScore https://site.api.espn.com/apis/site/v2/sports/football/nfl/scoreboard/mia
[2025-11-16T15:03:16.896Z] [INFO] gamesscoreboard-> feedConfig.scoreUrl->https://site.api.espn.com/apis/site/v2/sports/football/nfl/scoreboard
[2025-11-16T15:04:16.874Z] [INFO] gamesscoreboard->league nfl
[2025-11-16T15:04:16.875Z] [INFO] gamesscoreboard->id undefined
[2025-11-16T15:04:16.876Z] [INFO] gamesscoreboard->urlScore https://site.api.espn.com/apis/site/v2/sports/football/nfl/scoreboard/undefined
[2025-11-16T15:04:16.876Z] [INFO] gamesscoreboard-> feedConfig.scoreUrl->https://site.api.espn.com/apis/site/v2/sports/football/nfl/scoreboard
[2025-11-16T15:04:16.879Z] [INFO] gamesscoreboard->league nfl
[2025-11-16T15:04:16.880Z] [INFO] gamesscoreboard->id mia
[2025-11-16T15:04:16.880Z] [INFO] gamesscoreboard->urlScore https://site.api.espn.com/apis/site/v2/sports/football/nfl/scoreboard/mia
[2025-11-16T15:04:16.881Z] [INFO] gamesscoreboard-> feedConfig.scoreUrl->https://site.api.espn.com/apis/site/v2/sports/football/nfl/scoreboard
[2025-11-16T15:04:16.883Z] [INFO] league->nfl
[2025-11-16T15:04:16.883Z] [INFO] team->mia
[2025-11-16T15:04:16.884Z] [INFO] feedConfig->{"url":"https://site.web.api.espn.com/apis/v2/scoreboard/header?sport=football&league=nfl","file":"nfl_data.json","route":"nfl","scoreUrl":"https://site.api.espn.com/apis/site/v2/sports/football/nfl/scoreboard"}
[2025-11-16T15:04:16.884Z] [INFO] FILE_PATH->C:\Users\clcontact\source\node\sports-ticker\sportsticker2\backend\data\nfl_data.json
[2025-11-16T15:04:16.890Z] [INFO] findEventByName->events->[object Object],[object Object],[object Object],[object Object],[object Object],[object Object],[object Object],[object Object],[object Object],[object Object],[object Object],[object Object],[object Object],[object Object],[object Object]
[2025-11-16T15:04:16.891Z] [INFO] findEventByName->teamName->mia
[2025-11-16T15:04:16.892Z] [INFO] foundEvent->[object Object]
[2025-11-16T15:04:16.892Z] [INFO] eventsToMap->[object Object]
[2025-11-16T15:04:22.871Z] [INFO] league->nfl
[2025-11-16T15:04:22.873Z] [INFO] team->mia
[2025-11-16T15:04:22.874Z] [INFO] feedConfig->{"url":"https://site.web.api.espn.com/apis/v2/scoreboard/header?sport=football&league=nfl","file":"nfl_data.json","route":"nfl","scoreUrl":"https://site.api.espn.com/apis/site/v2/sports/football/nfl/scoreboard"}
[2025-11-16T15:04:22.875Z] [INFO] FILE_PATH->C:\Users\clcontact\source\node\sports-ticker\sportsticker2\backend\data\nfl_data.json
[2025-11-16T15:04:22.886Z] [INFO] findEventByName->events->[object Object],[object Object],[object Object],[object Object],[object Object],[object Object],[object Object],[object Object],[object Object],[object Object],[object Object],[object Object],[object Object],[object Object],[object Object]
[2025-11-16T15:04:22.886Z] [INFO] findEventByName->teamName->mia
[2025-11-16T15:04:22.887Z] [INFO] foundEvent->[object Object]
[2025-11-16T15:04:22.887Z] [INFO] eventsToMap->[object Object]
[2025-11-16T15:04:27.865Z] [INFO] league->nfl
[2025-11-16T15:04:27.866Z] [INFO] team->mia
[2025-11-16T15:04:27.866Z] [INFO] feedConfig->{"url":"https://site.web.api.espn.com/apis/v2/scoreboard/header?sport=football&league=nfl","file":"nfl_data.json","route":"nfl","scoreUrl":"https://site.api.espn.com/apis/site/v2/sports/football/nfl/scoreboard"}
[2025-11-16T15:04:27.867Z] [INFO] FILE_PATH->C:\Users\clcontact\source\node\sports-ticker\sportsticker2\backend\data\nfl_data.json
[2025-11-16T15:04:27.874Z] [INFO] findEventByName->events->[object Object],[object Object],[object Object],[object Object],[object Object],[object Object],[object Object],[object Object],[object Object],[object Object],[object Object],[object Object],[object Object],[object Object],[object Object]
[2025-11-16T15:04:27.874Z] [INFO] findEventByName->teamName->mia
[2025-11-16T15:04:27.875Z] [INFO] foundEvent->[object Object]
[2025-11-16T15:04:27.875Z] [INFO] eventsToMap->[object Object]
[2025-11-16T15:04:32.863Z] [INFO] league->nfl
[2025-11-16T15:04:32.864Z] [INFO] team->mia
[2025-11-16T15:04:32.866Z] [INFO] feedConfig->{"url":"https://site.web.api.espn.com/apis/v2/scoreboard/header?sport=football&league=nfl","file":"nfl_data.json","route":"nfl","scoreUrl":"https://site.api.espn.com/apis/site/v2/sports/football/nfl/scoreboard"}
[2025-11-16T15:04:32.867Z] [INFO] FILE_PATH->C:\Users\clcontact\source\node\sports-ticker\sportsticker2\backend\data\nfl_data.json
[2025-11-16T15:04:32.873Z] [INFO] findEventByName->events->[object Object],[object Object],[object Object],[object Object],[object Object],[object Object],[object Object],[object Object],[object Object],[object Object],[object Object],[object Object],[object Object],[object Object],[object Object]
[2025-11-16T15:04:32.873Z] [INFO] findEventByName->teamName->mia
[2025-11-16T15:04:32.874Z] [INFO] foundEvent->[object Object]
[2025-11-16T15:04:32.875Z] [INFO] eventsToMap->[object Object]
[2025-11-16T15:04:38.955Z] [INFO] gamesscoreboard->league nfl
[2025-11-16T15:04:38.957Z] [INFO] gamesscoreboard->id mia
[2025-11-16T15:04:38.957Z] [INFO] gamesscoreboard->urlScore https://site.api.espn.com/apis/site/v2/sports/football/nfl/scoreboard/mia
[2025-11-16T15:04:38.957Z] [INFO] gamesscoreboard-> feedConfig.scoreUrl->https://site.api.espn.com/apis/site/v2/sports/football/nfl/scoreboard
[2025-11-16T15:04:51.860Z] [INFO] gamesscoreboard->league nfl
[2025-11-16T15:04:51.861Z] [INFO] gamesscoreboard->id mia
[2025-11-16T15:04:51.862Z] [INFO] gamesscoreboard->urlScore https://site.api.espn.com/apis/site/v2/sports/football/nfl/scoreboard/mia
[2025-11-16T15:04:51.863Z] [INFO] gamesscoreboard-> feedConfig.scoreUrl->https://site.api.espn.com/apis/site/v2/sports/football/nfl/scoreboard
[2025-11-16T15:05:06.870Z] [INFO] gamesscoreboard->league nfl
[2025-11-16T15:05:06.871Z] [INFO] gamesscoreboard->id mia
[2025-11-16T15:05:06.871Z] [INFO] gamesscoreboard->urlScore https://site.api.espn.com/apis/site/v2/sports/football/nfl/scoreboard/mia
[2025-11-16T15:05:06.872Z] [INFO] gamesscoreboard-> feedConfig.scoreUrl->https://site.api.espn.com/apis/site/v2/sports/football/nfl/scoreboard
[2025-11-16T15:05:21.857Z] [INFO] gamesscoreboard->league nfl
[2025-11-16T15:05:21.859Z] [INFO] gamesscoreboard->id mia
[2025-11-16T15:05:21.859Z] [INFO] gamesscoreboard->urlScore https://site.api.espn.com/apis/site/v2/sports/football/nfl/scoreboard/mia
[2025-11-16T15:05:21.859Z] [INFO] gamesscoreboard-> feedConfig.scoreUrl->https://site.api.espn.com/apis/site/v2/sports/football/nfl/scoreboard
[2025-11-16T15:05:36.864Z] [INFO] gamesscoreboard->league nfl
[2025-11-16T15:05:36.865Z] [INFO] gamesscoreboard->id mia
[2025-11-16T15:05:36.866Z] [INFO] gamesscoreboard->urlScore https://site.api.espn.com/apis/site/v2/sports/football/nfl/scoreboard/mia
[2025-11-16T15:05:36.866Z] [INFO] gamesscoreboard-> feedConfig.scoreUrl->https://site.api.espn.com/apis/site/v2/sports/football/nfl/scoreboard
[2025-11-16T15:06:16.871Z] [INFO] gamesscoreboard->league nfl
[2025-11-16T15:06:16.872Z] [INFO] gamesscoreboard->id mia
[2025-11-16T15:06:16.873Z] [INFO] gamesscoreboard->urlScore https://site.api.espn.com/apis/site/v2/sports/football/nfl/scoreboard/mia
[2025-11-16T15:06:16.873Z] [INFO] gamesscoreboard-> feedConfig.scoreUrl->https://site.api.espn.com/apis/site/v2/sports/football/nfl/scoreboard
[2025-11-16T15:07:16.870Z] [INFO] gamesscoreboard->league nfl
[2025-11-16T15:07:16.871Z] [INFO] gamesscoreboard->id mia
[2025-11-16T15:07:16.871Z] [INFO] gamesscoreboard->urlScore https://site.api.espn.com/apis/site/v2/sports/football/nfl/scoreboard/mia
[2025-11-16T15:07:16.872Z] [INFO] gamesscoreboard-> feedConfig.scoreUrl->https://site.api.espn.com/apis/site/v2/sports/football/nfl/scoreboard
[2025-11-16T15:08:16.865Z] [INFO] gamesscoreboard->league nfl
[2025-11-16T15:08:16.867Z] [INFO] gamesscoreboard->id mia
[2025-11-16T15:08:16.867Z] [INFO] gamesscoreboard->urlScore https://site.api.espn.com/apis/site/v2/sports/football/nfl/scoreboard/mia
[2025-11-16T15:08:16.868Z] [INFO] gamesscoreboard-> feedConfig.scoreUrl->https://site.api.espn.com/apis/site/v2/sports/football/nfl/scoreboard
[2025-11-16T15:09:16.870Z] [INFO] gamesscoreboard->league nfl
[2025-11-16T15:09:16.871Z] [INFO] gamesscoreboard->id mia
[2025-11-16T15:09:16.872Z] [INFO] gamesscoreboard->urlScore https://site.api.espn.com/apis/site/v2/sports/football/nfl/scoreboard/mia
[2025-11-16T15:09:16.872Z] [INFO] gamesscoreboard-> feedConfig.scoreUrl->https://site.api.espn.com/apis/site/v2/sports/football/nfl/scoreboard
[2025-11-16T15:09:37.518Z] [INFO] gamesscoreboard->league nfl
[2025-11-16T15:09:37.519Z] [INFO] gamesscoreboard->id mia
[2025-11-16T15:09:37.519Z] [INFO] gamesscoreboard->urlScore https://site.api.espn.com/apis/site/v2/sports/football/nfl/scoreboard/mia
[2025-11-16T15:09:37.520Z] [INFO] gamesscoreboard-> feedConfig.scoreUrl->https://site.api.espn.com/apis/site/v2/sports/football/nfl/scoreboard
[2025-11-16T15:09:51.861Z] [INFO] gamesscoreboard->league nfl
[2025-11-16T15:09:51.863Z] [INFO] gamesscoreboard->id mia
[2025-11-16T15:09:51.864Z] [INFO] gamesscoreboard->urlScore https://site.api.espn.com/apis/site/v2/sports/football/nfl/scoreboard/mia
[2025-11-16T15:09:51.865Z] [INFO] gamesscoreboard-> feedConfig.scoreUrl->https://site.api.espn.com/apis/site/v2/sports/football/nfl/scoreboard
[2025-11-16T15:10:06.870Z] [INFO] gamesscoreboard->league nfl
[2025-11-16T15:10:06.872Z] [INFO] gamesscoreboard->id mia
[2025-11-16T15:10:06.872Z] [INFO] gamesscoreboard->urlScore https://site.api.espn.com/apis/site/v2/sports/football/nfl/scoreboard/mia
[2025-11-16T15:10:06.872Z] [INFO] gamesscoreboard-> feedConfig.scoreUrl->https://site.api.espn.com/apis/site/v2/sports/football/nfl/scoreboard
[2025-11-16T15:10:21.868Z] [INFO] gamesscoreboard->league nfl
[2025-11-16T15:10:21.869Z] [INFO] gamesscoreboard->id mia
[2025-11-16T15:10:21.871Z] [INFO] gamesscoreboard->urlScore https://site.api.espn.com/apis/site/v2/sports/football/nfl/scoreboard/mia
[2025-11-16T15:10:21.872Z] [INFO] gamesscoreboard-> feedConfig.scoreUrl->https://site.api.espn.com/apis/site/v2/sports/football/nfl/scoreboard
[2025-11-16T15:10:36.858Z] [INFO] gamesscoreboard->league nfl
[2025-11-16T15:10:36.859Z] [INFO] gamesscoreboard->id mia
[2025-11-16T15:10:36.860Z] [INFO] gamesscoreboard->urlScore https://site.api.espn.com/apis/site/v2/sports/football/nfl/scoreboard/mia
[2025-11-16T15:10:36.861Z] [INFO] gamesscoreboard-> feedConfig.scoreUrl->https://site.api.espn.com/apis/site/v2/sports/football/nfl/scoreboard
[2025-11-16T15:11:16.874Z] [INFO] gamesscoreboard->league nfl
[2025-11-16T15:11:16.875Z] [INFO] gamesscoreboard->id mia
[2025-11-16T15:11:16.875Z] [INFO] gamesscoreboard->urlScore https://site.api.espn.com/apis/site/v2/sports/football/nfl/scoreboard/mia
[2025-11-16T15:11:16.876Z] [INFO] gamesscoreboard-> feedConfig.scoreUrl->https://site.api.espn.com/apis/site/v2/sports/football/nfl/scoreboard
[2025-11-16T15:12:16.868Z] [INFO] gamesscoreboard->league nfl
[2025-11-16T15:12:16.869Z] [INFO] gamesscoreboard->id mia
[2025-11-16T15:12:16.869Z] [INFO] gamesscoreboard->urlScore https://site.api.espn.com/apis/site/v2/sports/football/nfl/scoreboard/mia
[2025-11-16T15:12:16.870Z] [INFO] gamesscoreboard-> feedConfig.scoreUrl->https://site.api.espn.com/apis/site/v2/sports/football/nfl/scoreboard
[2025-11-16T15:13:16.869Z] [INFO] gamesscoreboard->league nfl
[2025-11-16T15:13:16.870Z] [INFO] gamesscoreboard->id mia
[2025-11-16T15:13:16.870Z] [INFO] gamesscoreboard->urlScore https://site.api.espn.com/apis/site/v2/sports/football/nfl/scoreboard/mia
[2025-11-16T15:13:16.871Z] [INFO] gamesscoreboard-> feedConfig.scoreUrl->https://site.api.espn.com/apis/site/v2/sports/football/nfl/scoreboard
[2025-11-16T15:14:16.865Z] [INFO] gamesscoreboard->league nfl
[2025-11-16T15:14:16.866Z] [INFO] gamesscoreboard->id mia
[2025-11-16T15:14:16.866Z] [INFO] gamesscoreboard->urlScore https://site.api.espn.com/apis/site/v2/sports/football/nfl/scoreboard/mia
[2025-11-16T15:14:16.866Z] [INFO] gamesscoreboard-> feedConfig.scoreUrl->https://site.api.espn.com/apis/site/v2/sports/football/nfl/scoreboard
[2025-11-16T15:15:16.878Z] [INFO] gamesscoreboard->league nfl
[2025-11-16T15:15:16.879Z] [INFO] gamesscoreboard->id mia
[2025-11-16T15:15:16.880Z] [INFO] gamesscoreboard->urlScore https://site.api.espn.com/apis/site/v2/sports/football/nfl/scoreboard/mia
[2025-11-16T15:15:16.880Z] [INFO] gamesscoreboard-> feedConfig.scoreUrl->https://site.api.espn.com/apis/site/v2/sports/football/nfl/scoreboard
[2025-11-16T15:15:44.385Z] [INFO] gamesscoreboard->league nfl
[2025-11-16T15:15:44.386Z] [INFO] gamesscoreboard->id mia
[2025-11-16T15:15:44.387Z] [INFO] gamesscoreboard->urlScore https://site.api.espn.com/apis/site/v2/sports/football/nfl/scoreboard/mia
[2025-11-16T15:15:44.387Z] [INFO] gamesscoreboard-> feedConfig.scoreUrl->https://site.api.espn.com/apis/site/v2/sports/football/nfl/scoreboard
